#
# There is insufficient memory for the Java Runtime Environment to continue.
# Native memory allocation (mmap) failed to map 697303040 bytes for G1 virtual space
# Possible reasons:
#   The system is out of physical RAM or swap space
#   The process is running with CompressedOops enabled, and the Java Heap may be blocking the growth of the native heap
# Possible solutions:
#   Reduce memory load on the system
#   Increase physical memory or swap space
#   Check if swap backing store is full
#   Decrease Java heap size (-Xmx/-Xms)
#   Decrease number of Java threads
#   Decrease Java thread stack sizes (-Xss)
#   Set larger code cache with -XX:ReservedCodeCacheSize=
#   JVM is running with Unscaled Compressed Oops mode in which the Java heap is
#     placed in the first 4GB address space. The Java Heap base address is the
#     maximum limit for the native heap growth. Please use -XX:HeapBaseMinAddress
#     to set the Java Heap base and to place the Java Heap above 4GB virtual address.
# This output file may be truncated or incomplete.
#
#  Out of Memory Error (os_windows.cpp:3469), pid=26416, tid=15280
#
# JRE version: Java(TM) SE Runtime Environment (17.0.1+12) (build 17.0.1+12-LTS-39)
# Java VM: Java HotSpot(TM) 64-Bit Server VM (17.0.1+12-LTS-39, mixed mode, emulated-client, sharing, tiered, compressed oops, compressed class ptrs, g1 gc, windows-amd64)
# No core dump will be written. Minidumps are not enabled by default on client versions of Windows
#

---------------  S U M M A R Y ------------

Command Line: -agentlib:jdwp=transport=dt_socket,address=127.0.0.1:62552,suspend=y,server=n -javaagent:C:\Users\dimo\AppData\Local\JetBrains\IntelliJIdea2025.1\captureAgent\debugger-agent.jar=file:///C:/Users/dimo/AppData/Local/Temp/capture17163238935504848446.props -agentpath:C:\Users\dimo\AppData\Local\Temp\idea_libasyncProfiler_dll_temp_folder11627\libasyncProfiler.dll=version,jfr,event=wall,interval=10ms,cstack=no,file=C:\Users\dimo\IdeaSnapshots\RealEstateListingAppDemoApplication__1__2025_11_20_045549.jfr,dbghelppath=C:\Users\dimo\AppData\Local\Temp\idea_dbghelp_dll_temp_folder1\dbghelp.dll,log=C:\Users\dimo\AppData\Local\Temp\RealEstateListingAppDemoApplication__1__2025_11_20_045549.jfr.log.txt,logLevel=DEBUG -XX:TieredStopAtLevel=1 -Dspring.output.ansi.enabled=always -Dcom.sun.management.jmxremote -Dspring.jmx.enabled=true -Dspring.liveBeansView.mbeanDomain -Dspring.application.admin.enabled=true -Dmanagement.endpoints.jmx.exposure.include=* -Dkotlinx.coroutines.debug.enable.creation.stack.trace=false -Ddebugger.agent.enable.coroutines=true -Dkotlinx.coroutines.debug.enable.flows.stack.trace=true -Dkotlinx.coroutines.debug.enable.mutable.state.flows.stack.trace=true -Dfile.encoding=UTF-8 app.RealEstateListingAppDemoApplication

Host: Intel(R) Core(TM) i5-8250U CPU @ 1.60GHz, 8 cores, 7G,  Windows 10 , 64 bit Build 22621 (10.0.22621.5262)
Time: Thu Nov 20 05:05:10 2025 Central Europe Standard Time elapsed time: 560.169849 seconds (0d 0h 9m 20s)

---------------  T H R E A D  ---------------

Current thread (0x0000023e6ad523b0):  VMThread "VM Thread" [stack: 0x000000a5fc000000,0x000000a5fc100000] [id=15280]

Stack: [0x000000a5fc000000,0x000000a5fc100000]
Native frames: (J=compiled Java code, j=interpreted, Vv=VM code, C=native code)
V  [jvm.dll+0x66fa1a]
V  [jvm.dll+0x7ce5a4]
V  [jvm.dll+0x7cfd4e]
V  [jvm.dll+0x7d03b3]
V  [jvm.dll+0x242b05]
V  [jvm.dll+0x66ca39]
V  [jvm.dll+0x661502]
V  [jvm.dll+0x30081b]
V  [jvm.dll+0x307da6]
V  [jvm.dll+0x357a1e]
V  [jvm.dll+0x357c4f]
V  [jvm.dll+0x2d7ad8]
V  [jvm.dll+0x2d5da4]
V  [jvm.dll+0x2d53ac]
V  [jvm.dll+0x318d0b]
V  [jvm.dll+0x7d484b]
V  [jvm.dll+0x7d5584]
V  [jvm.dll+0x7d5a9c]
V  [jvm.dll+0x7d5e74]
V  [jvm.dll+0x7d5f40]
V  [jvm.dll+0x77e91a]
V  [jvm.dll+0x66e845]
C  [ucrtbase.dll+0x29333]
C  [KERNEL32.DLL+0x1259d]
C  [ntdll.dll+0x5af58]

VM_Operation (0x000000a5fb8fb000): G1CollectForAllocation, mode: safepoint, requested by thread 0x0000023e7e1e5450


---------------  P R O C E S S  ---------------

Threads class SMR info:
_java_thread_list=0x0000023e020228c0, length=24, elements={
0x0000023e6ad52f80, 0x0000023e6ad53df0, 0x0000023e6ad6b410, 0x0000023e6ad6d130,
0x0000023e6ad6de00, 0x0000023e6ad6e7b0, 0x0000023e75b80970, 0x0000023e75b81270,
0x0000023e6ad3ada0, 0x0000023e75cb6bc0, 0x0000023e75cd1ec0, 0x0000023e75cd23b0,
0x0000023e75ded1b0, 0x0000023e75e80db0, 0x0000023e76f44220, 0x0000023e7b50aa30,
0x0000023e7e5823d0, 0x0000023e00ee9d30, 0x0000023e7d676070, 0x0000023e7e1e5450,
0x0000023e7e1e3c40, 0x0000023e7eb09bd0, 0x0000023e7eb0c720, 0x0000023e7eb0b3e0
}

Java Threads: ( => current thread )
  0x0000023e6ad52f80 JavaThread "Reference Handler" daemon [_thread_blocked, id=15200, stack(0x000000a5fc100000,0x000000a5fc200000)]
  0x0000023e6ad53df0 JavaThread "Finalizer" daemon [_thread_blocked, id=3008, stack(0x000000a5fc200000,0x000000a5fc300000)]
  0x0000023e6ad6b410 JavaThread "Signal Dispatcher" daemon [_thread_blocked, id=17568, stack(0x000000a5fc300000,0x000000a5fc400000)]
  0x0000023e6ad6d130 JavaThread "Attach Listener" daemon [_thread_blocked, id=17320, stack(0x000000a5fc400000,0x000000a5fc500000)]
  0x0000023e6ad6de00 JavaThread "Service Thread" daemon [_thread_blocked, id=2000, stack(0x000000a5fc500000,0x000000a5fc600000)]
  0x0000023e6ad6e7b0 JavaThread "Monitor Deflation Thread" daemon [_thread_blocked, id=11064, stack(0x000000a5fc600000,0x000000a5fc700000)]
  0x0000023e75b80970 JavaThread "C1 CompilerThread0" daemon [_thread_blocked, id=23588, stack(0x000000a5fc700000,0x000000a5fc800000)]
  0x0000023e75b81270 JavaThread "Sweeper thread" daemon [_thread_blocked, id=16532, stack(0x000000a5fc800000,0x000000a5fc900000)]
  0x0000023e6ad3ada0 JavaThread "Common-Cleaner" daemon [_thread_blocked, id=13476, stack(0x000000a5fc900000,0x000000a5fca00000)]
  0x0000023e75cb6bc0 JavaThread "JDWP Transport Listener: dt_socket" daemon [_thread_blocked, id=21228, stack(0x000000a5fcc00000,0x000000a5fcd00000)]
  0x0000023e75cd1ec0 JavaThread "JDWP Event Helper Thread" daemon [_thread_blocked, id=15600, stack(0x000000a5fcd00000,0x000000a5fce00000)]
  0x0000023e75cd23b0 JavaThread "JDWP Command Reader" daemon [_thread_in_native, id=25324, stack(0x000000a5fce00000,0x000000a5fcf00000)]
  0x0000023e75ded1b0 JavaThread "IntelliJ Suspend Helper" daemon [_thread_blocked, id=16016, stack(0x000000a5fcf00000,0x000000a5fd000000)]
  0x0000023e75e80db0 JavaThread "Notification Thread" daemon [_thread_blocked, id=19776, stack(0x000000a5fd000000,0x000000a5fd100000)]
  0x0000023e76f44220 JavaThread "RMI TCP Accept-0" daemon [_thread_in_native, id=9224, stack(0x000000a5fd900000,0x000000a5fda00000)]
  0x0000023e7b50aa30 JavaThread "mysql-cj-abandoned-connection-cleanup" daemon [_thread_blocked, id=22460, stack(0x000000a5fe100000,0x000000a5fe200000)]
  0x0000023e7e5823d0 JavaThread "Live Reload Server" daemon [_thread_in_native, id=7724, stack(0x000000a5fe600000,0x000000a5fe700000)]
  0x0000023e00ee9d30 JavaThread "DestroyJavaVM" [_thread_blocked, id=26112, stack(0x000000a5fba00000,0x000000a5fbb00000)]
  0x0000023e7d676070 JavaThread "Thread-15" [_thread_blocked, id=21656, stack(0x000000a5fb700000,0x000000a5fb800000)]
  0x0000023e7e1e5450 JavaThread "restartedMain" [_thread_blocked, id=9196, stack(0x000000a5fb800000,0x000000a5fb900000)]
  0x0000023e7e1e3c40 JavaThread "Catalina-utility-1" [_thread_blocked, id=2128, stack(0x000000a5fdb00000,0x000000a5fdc00000)]
  0x0000023e7eb09bd0 JavaThread "Catalina-utility-2" [_thread_blocked, id=13552, stack(0x000000a5fdc00000,0x000000a5fdd00000)]
  0x0000023e7eb0c720 JavaThread "container-0" [_thread_blocked, id=4368, stack(0x000000a5fdd00000,0x000000a5fde00000)]
  0x0000023e7eb0b3e0 JavaThread "HikariPool-4 housekeeper" daemon [_thread_blocked, id=14872, stack(0x000000a5fdf00000,0x000000a5fe000000)]

Other Threads:
=>0x0000023e6ad523b0 VMThread "VM Thread" [stack: 0x000000a5fc000000,0x000000a5fc100000] [id=15280]
  0x0000023e774ce9c0 WatcherThread [stack: 0x000000a5fda00000,0x000000a5fdb00000] [id=22852]
  0x0000023e6abf4b90 GCTaskThread "GC Thread#0" [stack: 0x000000a5fbb00000,0x000000a5fbc00000] [id=5468]
  0x0000023e774281c0 GCTaskThread "GC Thread#1" [stack: 0x000000a5fcb00000,0x000000a5fcc00000] [id=24812]
  0x0000023e773e3ee0 GCTaskThread "GC Thread#2" [stack: 0x000000a5fd100000,0x000000a5fd200000] [id=6336]
  0x0000023e773d2a30 GCTaskThread "GC Thread#3" [stack: 0x000000a5fd200000,0x000000a5fd300000] [id=9948]
  0x0000023e773fa750 GCTaskThread "GC Thread#4" [stack: 0x000000a5fd300000,0x000000a5fd400000] [id=11440]
  0x0000023e7743bd70 GCTaskThread "GC Thread#5" [stack: 0x000000a5fd400000,0x000000a5fd500000] [id=12176]
  0x0000023e77449af0 GCTaskThread "GC Thread#6" [stack: 0x000000a5fd500000,0x000000a5fd600000] [id=25220]
  0x0000023e77457590 GCTaskThread "GC Thread#7" [stack: 0x000000a5fd600000,0x000000a5fd700000] [id=20116]
  0x0000023e6ac30a30 ConcurrentGCThread "G1 Main Marker" [stack: 0x000000a5fbc00000,0x000000a5fbd00000] [id=21500]
  0x0000023e6ac31440 ConcurrentGCThread "G1 Conc#0" [stack: 0x000000a5fbd00000,0x000000a5fbe00000] [id=9836]
  0x0000023e778df140 ConcurrentGCThread "G1 Conc#1" [stack: 0x000000a5fde00000,0x000000a5fdf00000] [id=12372]
  0x0000023e6ace5290 ConcurrentGCThread "G1 Refine#0" [stack: 0x000000a5fbe00000,0x000000a5fbf00000] [id=5040]
  0x0000023e6ace5cb0 ConcurrentGCThread "G1 Service" [stack: 0x000000a5fbf00000,0x000000a5fc000000] [id=15824]

Threads with active compile tasks:

VM state: at safepoint (normal execution)

VM Mutex/Monitor currently owned by a thread:  ([mutex/lock_event])
[0x0000023e6abac050] Threads_lock - owner thread: 0x0000023e6ad523b0
[0x0000023e6abd5a70] Heap_lock - owner thread: 0x0000023e7e1e5450

Heap address: 0x0000000081c00000, size: 2020 MB, Compressed Oops mode: 32-bit

CDS archive(s) mapped at: [0x0000000800000000-0x0000000800bc0000-0x0000000800bc0000), size 12320768, SharedBaseAddress: 0x0000000800000000, ArchiveRelocationMode: 0.
Compressed class space mapped at: 0x0000000800c00000-0x0000000840c00000, reserved size: 1073741824
Narrow klass base: 0x0000000800000000, Narrow klass shift: 0, Narrow klass range: 0x100000000

GC Precious Log:
 CPUs: 8 total, 8 available
 Memory: 8078M
 Large Page Support: Disabled
 NUMA Support: Disabled
 Compressed Oops: Enabled (32-bit)
 Heap Region Size: 1M
 Heap Min Capacity: 8M
 Heap Initial Capacity: 128M
 Heap Max Capacity: 2020M
 Pre-touch: Disabled
 Parallel Workers: 8
 Concurrent Workers: 2
 Concurrent Refinement Workers: 8
 Periodic GC: Disabled

Heap:
 garbage-first heap   total 365568K, used 43578K [0x0000000081c00000, 0x0000000100000000)
  region size 1024K, 5 young (5120K), 5 survivors (5120K)
 Metaspace       used 85550K, committed 86272K, reserved 1130496K
  class space    used 11774K, committed 12160K, reserved 1048576K

Heap Regions: E=young(eden), S=young(survivor), O=old, HS=humongous(starts), HC=humongous(continues), CS=collection set, F=free, OA=open archive, CA=closed archive, TAMS=top-at-mark-start (previous, next)
|   0|0x0000000081c00000, 0x0000000081d00000, 0x0000000081d00000|100%|HS|  |TAMS 0x0000000081d00000, 0x0000000081c00000| Untracked 
|   1|0x0000000081d00000, 0x0000000081e00000, 0x0000000081e00000|100%|HS|  |TAMS 0x0000000081e00000, 0x0000000081d00000| Untracked 
|   2|0x0000000081e00000, 0x0000000081f00000, 0x0000000081f00000|100%|HS|  |TAMS 0x0000000081f00000, 0x0000000081e00000| Untracked 
|   3|0x0000000081f00000, 0x0000000082000000, 0x0000000082000000|100%| O|  |TAMS 0x0000000081f00000, 0x0000000081f00000| Untracked 
|   4|0x0000000082000000, 0x00000000820ffff8, 0x0000000082100000| 99%| O|  |TAMS 0x00000000820ffff8, 0x0000000082000000| Untracked 
|   5|0x0000000082100000, 0x00000000821ffff0, 0x0000000082200000| 99%| O|  |TAMS 0x0000000082100000, 0x0000000082100000| Untracked 
|   6|0x0000000082200000, 0x0000000082300000, 0x0000000082300000|100%| O|  |TAMS 0x0000000082300000, 0x0000000082200000| Untracked 
|   7|0x0000000082300000, 0x00000000823fff98, 0x0000000082400000| 99%| O|  |TAMS 0x0000000082300000, 0x0000000082300000| Untracked 
|   8|0x0000000082400000, 0x00000000824f8518, 0x0000000082500000| 96%| O|  |TAMS 0x0000000082400000, 0x0000000082400000| Untracked 
|   9|0x0000000082500000, 0x00000000825fd188, 0x0000000082600000| 98%| O|  |TAMS 0x00000000825fd188, 0x0000000082500000| Untracked 
|  10|0x0000000082600000, 0x0000000082700000, 0x0000000082700000|100%| O|  |TAMS 0x0000000082700000, 0x0000000082600000| Untracked 
|  11|0x0000000082700000, 0x00000000827fffe0, 0x0000000082800000| 99%| O|  |TAMS 0x0000000082700000, 0x0000000082700000| Untracked 
|  12|0x0000000082800000, 0x0000000082900000, 0x0000000082900000|100%| O|  |TAMS 0x0000000082800000, 0x0000000082800000| Untracked 
|  13|0x0000000082900000, 0x00000000829fffe8, 0x0000000082a00000| 99%| O|  |TAMS 0x0000000082900000, 0x0000000082900000| Untracked 
|  14|0x0000000082a00000, 0x0000000082b00000, 0x0000000082b00000|100%| O|  |TAMS 0x0000000082a00000, 0x0000000082a00000| Untracked 
|  15|0x0000000082b00000, 0x0000000082bffff8, 0x0000000082c00000| 99%| O|  |TAMS 0x0000000082b00000, 0x0000000082b00000| Untracked 
|  16|0x0000000082c00000, 0x0000000082cfffd0, 0x0000000082d00000| 99%| O|  |TAMS 0x0000000082c00000, 0x0000000082c00000| Untracked 
|  17|0x0000000082d00000, 0x0000000082e00000, 0x0000000082e00000|100%| O|  |TAMS 0x0000000082d00000, 0x0000000082d00000| Untracked 
|  18|0x0000000082e00000, 0x0000000082f00000, 0x0000000082f00000|100%| O|  |TAMS 0x0000000082e00000, 0x0000000082e00000| Untracked 
|  19|0x0000000082f00000, 0x0000000083000000, 0x0000000083000000|100%| O|  |TAMS 0x0000000082f00000, 0x0000000082f00000| Untracked 
|  20|0x0000000083000000, 0x00000000830ffff8, 0x0000000083100000| 99%| O|  |TAMS 0x0000000083000000, 0x0000000083000000| Untracked 
|  21|0x0000000083100000, 0x00000000831ffff0, 0x0000000083200000| 99%| O|  |TAMS 0x0000000083100000, 0x0000000083100000| Untracked 
|  22|0x0000000083200000, 0x00000000832ffff8, 0x0000000083300000| 99%| O|  |TAMS 0x0000000083200000, 0x0000000083200000| Untracked 
|  23|0x0000000083300000, 0x00000000833fffd0, 0x0000000083400000| 99%| O|  |TAMS 0x0000000083300000, 0x0000000083300000| Untracked 
|  24|0x0000000083400000, 0x00000000834ffff8, 0x0000000083500000| 99%| O|  |TAMS 0x0000000083400000, 0x0000000083400000| Untracked 
|  25|0x0000000083500000, 0x00000000835fffa8, 0x0000000083600000| 99%| O|  |TAMS 0x0000000083500000, 0x0000000083500000| Untracked 
|  26|0x0000000083600000, 0x000000008360a658, 0x0000000083700000|  4%| O|  |TAMS 0x0000000083600000, 0x0000000083600000| Untracked 
|  27|0x0000000083700000, 0x0000000083800000, 0x0000000083800000|100%| O|  |TAMS 0x0000000083800000, 0x0000000083700000| Untracked 
|  28|0x0000000083800000, 0x00000000838fffe8, 0x0000000083900000| 99%| O|  |TAMS 0x0000000083800000, 0x0000000083800000| Untracked 
|  29|0x0000000083900000, 0x00000000839fffe8, 0x0000000083a00000| 99%| O|  |TAMS 0x0000000083900000, 0x0000000083900000| Untracked 
|  30|0x0000000083a00000, 0x0000000083ac12f0, 0x0000000083b00000| 75%| O|  |TAMS 0x0000000083a00000, 0x0000000083a00000| Untracked 
|  31|0x0000000083b00000, 0x0000000083c00000, 0x0000000083c00000|100%| O|  |TAMS 0x0000000083b00000, 0x0000000083b00000| Untracked 
|  32|0x0000000083c00000, 0x0000000083c0f1e0, 0x0000000083d00000|  5%| O|  |TAMS 0x0000000083c00000, 0x0000000083c00000| Untracked 
|  33|0x0000000083d00000, 0x0000000083e00000, 0x0000000083e00000|100%| O|  |TAMS 0x0000000083d00000, 0x0000000083d00000| Untracked 
|  34|0x0000000083e00000, 0x0000000083e06c98, 0x0000000083f00000|  2%| O|  |TAMS 0x0000000083e00000, 0x0000000083e00000| Untracked 
|  35|0x0000000083f00000, 0x0000000084000000, 0x0000000084000000|100%| O|  |TAMS 0x0000000083f00000, 0x0000000083f00000| Untracked 
|  36|0x0000000084000000, 0x00000000840d97a0, 0x0000000084100000| 84%| O|  |TAMS 0x0000000084000000, 0x0000000084000000| Untracked 
|  37|0x0000000084100000, 0x0000000084200000, 0x0000000084200000|100%| O|  |TAMS 0x0000000084100000, 0x0000000084100000| Untracked 
|  38|0x0000000084200000, 0x0000000084300000, 0x0000000084300000|100%| O|  |TAMS 0x0000000084200000, 0x0000000084200000| Untracked 
|  39|0x0000000084300000, 0x0000000084400000, 0x0000000084400000|100%| O|  |TAMS 0x0000000084300000, 0x0000000084300000| Untracked 
|  40|0x0000000084400000, 0x0000000084500000, 0x0000000084500000|100%| O|  |TAMS 0x0000000084400000, 0x0000000084400000| Untracked 
|  41|0x0000000084500000, 0x0000000084536400, 0x0000000084600000| 21%| O|  |TAMS 0x0000000084500000, 0x0000000084500000| Untracked 
|  42|0x0000000084600000, 0x0000000084600000, 0x0000000084700000|  0%| F|  |TAMS 0x0000000084600000, 0x0000000084600000| Untracked 
|  43|0x0000000084700000, 0x0000000084700000, 0x0000000084800000|  0%| F|  |TAMS 0x0000000084700000, 0x0000000084700000| Untracked 
|  44|0x0000000084800000, 0x0000000084800000, 0x0000000084900000|  0%| F|  |TAMS 0x0000000084800000, 0x0000000084800000| Untracked 
|  45|0x0000000084900000, 0x0000000084900000, 0x0000000084a00000|  0%| F|  |TAMS 0x0000000084900000, 0x0000000084900000| Untracked 
|  46|0x0000000084a00000, 0x0000000084a25bb8, 0x0000000084b00000| 14%| O|  |TAMS 0x0000000084a00000, 0x0000000084a00000| Untracked 
|  47|0x0000000084b00000, 0x0000000084b00000, 0x0000000084c00000|  0%| F|  |TAMS 0x0000000084b00000, 0x0000000084b00000| Untracked 
|  48|0x0000000084c00000, 0x0000000084c00000, 0x0000000084d00000|  0%| F|  |TAMS 0x0000000084c00000, 0x0000000084c00000| Untracked 
|  49|0x0000000084d00000, 0x0000000084d00000, 0x0000000084e00000|  0%| F|  |TAMS 0x0000000084d00000, 0x0000000084d00000| Untracked 
|  50|0x0000000084e00000, 0x0000000084e00000, 0x0000000084f00000|  0%| F|  |TAMS 0x0000000084e00000, 0x0000000084e00000| Untracked 
|  51|0x0000000084f00000, 0x0000000084f00000, 0x0000000085000000|  0%| F|  |TAMS 0x0000000084f00000, 0x0000000084f00000| Untracked 
|  52|0x0000000085000000, 0x0000000085000000, 0x0000000085100000|  0%| F|  |TAMS 0x0000000085000000, 0x0000000085000000| Untracked 
|  53|0x0000000085100000, 0x0000000085100000, 0x0000000085200000|  0%| F|  |TAMS 0x0000000085100000, 0x0000000085100000| Untracked 
|  54|0x0000000085200000, 0x0000000085200000, 0x0000000085300000|  0%| F|  |TAMS 0x0000000085200000, 0x0000000085200000| Untracked 
|  55|0x0000000085300000, 0x0000000085300000, 0x0000000085400000|  0%| F|  |TAMS 0x0000000085300000, 0x0000000085300000| Untracked 
|  56|0x0000000085400000, 0x0000000085400000, 0x0000000085500000|  0%| F|  |TAMS 0x0000000085400000, 0x0000000085400000| Untracked 
|  57|0x0000000085500000, 0x0000000085500000, 0x0000000085600000|  0%| F|  |TAMS 0x0000000085500000, 0x0000000085500000| Untracked 
|  58|0x0000000085600000, 0x0000000085600000, 0x0000000085700000|  0%| F|  |TAMS 0x0000000085600000, 0x0000000085600000| Untracked 
|  59|0x0000000085700000, 0x0000000085700000, 0x0000000085800000|  0%| F|  |TAMS 0x0000000085700000, 0x0000000085700000| Untracked 
|  60|0x0000000085800000, 0x0000000085800000, 0x0000000085900000|  0%| F|  |TAMS 0x0000000085800000, 0x0000000085800000| Untracked 
|  61|0x0000000085900000, 0x0000000085900000, 0x0000000085a00000|  0%| F|  |TAMS 0x0000000085900000, 0x0000000085900000| Untracked 
|  62|0x0000000085a00000, 0x0000000085a00000, 0x0000000085b00000|  0%| F|  |TAMS 0x0000000085a00000, 0x0000000085a00000| Untracked 
|  63|0x0000000085b00000, 0x0000000085b00000, 0x0000000085c00000|  0%| F|  |TAMS 0x0000000085b00000, 0x0000000085b00000| Untracked 
|  64|0x0000000085c00000, 0x0000000085c00000, 0x0000000085d00000|  0%| F|  |TAMS 0x0000000085c00000, 0x0000000085c00000| Untracked 
|  65|0x0000000085d00000, 0x0000000085d00000, 0x0000000085e00000|  0%| F|  |TAMS 0x0000000085d00000, 0x0000000085d00000| Untracked 
|  66|0x0000000085e00000, 0x0000000085e00000, 0x0000000085f00000|  0%| F|  |TAMS 0x0000000085e00000, 0x0000000085e00000| Untracked 
|  67|0x0000000085f00000, 0x0000000085f00000, 0x0000000086000000|  0%| F|  |TAMS 0x0000000085f00000, 0x0000000085f00000| Untracked 
|  68|0x0000000086000000, 0x0000000086000000, 0x0000000086100000|  0%| F|  |TAMS 0x0000000086000000, 0x0000000086000000| Untracked 
|  69|0x0000000086100000, 0x0000000086100000, 0x0000000086200000|  0%| F|  |TAMS 0x0000000086100000, 0x0000000086100000| Untracked 
|  70|0x0000000086200000, 0x0000000086200000, 0x0000000086300000|  0%| F|  |TAMS 0x0000000086200000, 0x0000000086200000| Untracked 
|  71|0x0000000086300000, 0x0000000086300000, 0x0000000086400000|  0%| F|  |TAMS 0x0000000086300000, 0x0000000086300000| Untracked 
|  72|0x0000000086400000, 0x0000000086400000, 0x0000000086500000|  0%| F|  |TAMS 0x0000000086400000, 0x0000000086400000| Untracked 
|  73|0x0000000086500000, 0x0000000086500000, 0x0000000086600000|  0%| F|  |TAMS 0x0000000086500000, 0x0000000086500000| Untracked 
|  74|0x0000000086600000, 0x0000000086600000, 0x0000000086700000|  0%| F|  |TAMS 0x0000000086600000, 0x0000000086600000| Untracked 
|  75|0x0000000086700000, 0x0000000086700000, 0x0000000086800000|  0%| F|  |TAMS 0x0000000086700000, 0x0000000086700000| Untracked 
|  76|0x0000000086800000, 0x0000000086800000, 0x0000000086900000|  0%| F|  |TAMS 0x0000000086800000, 0x0000000086800000| Untracked 
|  77|0x0000000086900000, 0x0000000086900000, 0x0000000086a00000|  0%| F|  |TAMS 0x0000000086900000, 0x0000000086900000| Untracked 
|  78|0x0000000086a00000, 0x0000000086a00000, 0x0000000086b00000|  0%| F|  |TAMS 0x0000000086a00000, 0x0000000086a00000| Untracked 
|  79|0x0000000086b00000, 0x0000000086b00000, 0x0000000086c00000|  0%| F|  |TAMS 0x0000000086b00000, 0x0000000086b00000| Untracked 
|  80|0x0000000086c00000, 0x0000000086c00000, 0x0000000086d00000|  0%| F|  |TAMS 0x0000000086c00000, 0x0000000086c00000| Untracked 
|  81|0x0000000086d00000, 0x0000000086d00000, 0x0000000086e00000|  0%| F|  |TAMS 0x0000000086d00000, 0x0000000086d00000| Untracked 
|  82|0x0000000086e00000, 0x0000000086e00000, 0x0000000086f00000|  0%| F|  |TAMS 0x0000000086e00000, 0x0000000086e00000| Untracked 
|  83|0x0000000086f00000, 0x0000000086f00000, 0x0000000087000000|  0%| F|  |TAMS 0x0000000086f00000, 0x0000000086f00000| Untracked 
|  84|0x0000000087000000, 0x0000000087000000, 0x0000000087100000|  0%| F|  |TAMS 0x0000000087000000, 0x0000000087000000| Untracked 
|  85|0x0000000087100000, 0x0000000087100000, 0x0000000087200000|  0%| F|  |TAMS 0x0000000087100000, 0x0000000087100000| Untracked 
|  86|0x0000000087200000, 0x0000000087200000, 0x0000000087300000|  0%| F|  |TAMS 0x0000000087200000, 0x0000000087200000| Untracked 
|  87|0x0000000087300000, 0x0000000087300000, 0x0000000087400000|  0%| F|  |TAMS 0x0000000087300000, 0x0000000087300000| Untracked 
|  88|0x0000000087400000, 0x0000000087400000, 0x0000000087500000|  0%| F|  |TAMS 0x0000000087400000, 0x0000000087400000| Untracked 
|  89|0x0000000087500000, 0x0000000087500000, 0x0000000087600000|  0%| F|  |TAMS 0x0000000087500000, 0x0000000087500000| Untracked 
|  90|0x0000000087600000, 0x0000000087600000, 0x0000000087700000|  0%| F|  |TAMS 0x0000000087600000, 0x0000000087600000| Untracked 
|  91|0x0000000087700000, 0x0000000087700000, 0x0000000087800000|  0%| F|  |TAMS 0x0000000087700000, 0x0000000087700000| Untracked 
|  92|0x0000000087800000, 0x0000000087800000, 0x0000000087900000|  0%| F|  |TAMS 0x0000000087800000, 0x0000000087800000| Untracked 
|  93|0x0000000087900000, 0x0000000087900000, 0x0000000087a00000|  0%| F|  |TAMS 0x0000000087900000, 0x0000000087900000| Untracked 
|  94|0x0000000087a00000, 0x0000000087a00000, 0x0000000087b00000|  0%| F|  |TAMS 0x0000000087a00000, 0x0000000087a00000| Untracked 
|  95|0x0000000087b00000, 0x0000000087b00000, 0x0000000087c00000|  0%| F|  |TAMS 0x0000000087b00000, 0x0000000087b00000| Untracked 
|  96|0x0000000087c00000, 0x0000000087c00000, 0x0000000087d00000|  0%| F|  |TAMS 0x0000000087c00000, 0x0000000087c00000| Untracked 
|  97|0x0000000087d00000, 0x0000000087d00000, 0x0000000087e00000|  0%| F|  |TAMS 0x0000000087d00000, 0x0000000087d00000| Untracked 
|  98|0x0000000087e00000, 0x0000000087e00000, 0x0000000087f00000|  0%| F|  |TAMS 0x0000000087e00000, 0x0000000087e00000| Untracked 
|  99|0x0000000087f00000, 0x0000000087f00000, 0x0000000088000000|  0%| F|  |TAMS 0x0000000087f00000, 0x0000000087f00000| Untracked 
| 100|0x0000000088000000, 0x0000000088000000, 0x0000000088100000|  0%| F|  |TAMS 0x0000000088000000, 0x0000000088000000| Untracked 
| 101|0x0000000088100000, 0x0000000088100000, 0x0000000088200000|  0%| F|  |TAMS 0x0000000088100000, 0x0000000088100000| Untracked 
| 102|0x0000000088200000, 0x0000000088200000, 0x0000000088300000|  0%| F|  |TAMS 0x0000000088200000, 0x0000000088200000| Untracked 
| 103|0x0000000088300000, 0x0000000088300000, 0x0000000088400000|  0%| F|  |TAMS 0x0000000088300000, 0x0000000088300000| Untracked 
| 104|0x0000000088400000, 0x0000000088400000, 0x0000000088500000|  0%| F|  |TAMS 0x0000000088400000, 0x0000000088400000| Untracked 
| 105|0x0000000088500000, 0x0000000088500000, 0x0000000088600000|  0%| F|  |TAMS 0x0000000088500000, 0x0000000088500000| Untracked 
| 106|0x0000000088600000, 0x0000000088600000, 0x0000000088700000|  0%| F|  |TAMS 0x0000000088600000, 0x0000000088600000| Untracked 
| 107|0x0000000088700000, 0x0000000088700000, 0x0000000088800000|  0%| F|  |TAMS 0x0000000088700000, 0x0000000088700000| Untracked 
| 108|0x0000000088800000, 0x0000000088800000, 0x0000000088900000|  0%| F|  |TAMS 0x0000000088800000, 0x0000000088800000| Untracked 
| 109|0x0000000088900000, 0x0000000088900000, 0x0000000088a00000|  0%| F|  |TAMS 0x0000000088900000, 0x0000000088900000| Untracked 
| 110|0x0000000088a00000, 0x0000000088a00000, 0x0000000088b00000|  0%| F|  |TAMS 0x0000000088a00000, 0x0000000088a00000| Untracked 
| 111|0x0000000088b00000, 0x0000000088b00000, 0x0000000088c00000|  0%| F|  |TAMS 0x0000000088b00000, 0x0000000088b00000| Untracked 
| 112|0x0000000088c00000, 0x0000000088c00000, 0x0000000088d00000|  0%| F|  |TAMS 0x0000000088c00000, 0x0000000088c00000| Untracked 
| 113|0x0000000088d00000, 0x0000000088d00000, 0x0000000088e00000|  0%| F|  |TAMS 0x0000000088d00000, 0x0000000088d00000| Untracked 
| 114|0x0000000088e00000, 0x0000000088e00000, 0x0000000088f00000|  0%| F|  |TAMS 0x0000000088e00000, 0x0000000088e00000| Untracked 
| 115|0x0000000088f00000, 0x0000000088f00000, 0x0000000089000000|  0%| F|  |TAMS 0x0000000088f00000, 0x0000000088f00000| Untracked 
| 116|0x0000000089000000, 0x0000000089000000, 0x0000000089100000|  0%| F|  |TAMS 0x0000000089000000, 0x0000000089000000| Untracked 
| 117|0x0000000089100000, 0x0000000089100000, 0x0000000089200000|  0%| F|  |TAMS 0x0000000089100000, 0x0000000089100000| Untracked 
| 118|0x0000000089200000, 0x0000000089200000, 0x0000000089300000|  0%| F|  |TAMS 0x0000000089200000, 0x0000000089200000| Untracked 
| 119|0x0000000089300000, 0x0000000089300000, 0x0000000089400000|  0%| F|  |TAMS 0x0000000089300000, 0x0000000089300000| Untracked 
| 120|0x0000000089400000, 0x0000000089400000, 0x0000000089500000|  0%| F|  |TAMS 0x0000000089400000, 0x0000000089400000| Untracked 
| 121|0x0000000089500000, 0x0000000089500000, 0x0000000089600000|  0%| F|  |TAMS 0x0000000089500000, 0x0000000089500000| Untracked 
| 122|0x0000000089600000, 0x0000000089600000, 0x0000000089700000|  0%| F|  |TAMS 0x0000000089600000, 0x0000000089600000| Untracked 
| 123|0x0000000089700000, 0x0000000089700000, 0x0000000089800000|  0%| F|  |TAMS 0x0000000089700000, 0x0000000089700000| Untracked 
| 124|0x0000000089800000, 0x0000000089800000, 0x0000000089900000|  0%| F|  |TAMS 0x0000000089800000, 0x0000000089800000| Untracked 
| 125|0x0000000089900000, 0x0000000089900000, 0x0000000089a00000|  0%| F|  |TAMS 0x0000000089900000, 0x0000000089900000| Untracked 
| 126|0x0000000089a00000, 0x0000000089a00000, 0x0000000089b00000|  0%| F|  |TAMS 0x0000000089a00000, 0x0000000089a00000| Untracked 
| 127|0x0000000089b00000, 0x0000000089b00000, 0x0000000089c00000|  0%| F|  |TAMS 0x0000000089b00000, 0x0000000089b00000| Untracked 
| 128|0x0000000089c00000, 0x0000000089c00000, 0x0000000089d00000|  0%| F|  |TAMS 0x0000000089c00000, 0x0000000089c00000| Untracked 
| 129|0x0000000089d00000, 0x0000000089d00000, 0x0000000089e00000|  0%| F|  |TAMS 0x0000000089d00000, 0x0000000089d00000| Untracked 
| 130|0x0000000089e00000, 0x0000000089e00000, 0x0000000089f00000|  0%| F|  |TAMS 0x0000000089e00000, 0x0000000089e00000| Untracked 
| 131|0x0000000089f00000, 0x0000000089f00000, 0x000000008a000000|  0%| F|  |TAMS 0x0000000089f00000, 0x0000000089f00000| Untracked 
| 132|0x000000008a000000, 0x000000008a000000, 0x000000008a100000|  0%| F|  |TAMS 0x000000008a000000, 0x000000008a000000| Untracked 
| 133|0x000000008a100000, 0x000000008a100000, 0x000000008a200000|  0%| F|  |TAMS 0x000000008a100000, 0x000000008a100000| Untracked 
| 134|0x000000008a200000, 0x000000008a200000, 0x000000008a300000|  0%| F|  |TAMS 0x000000008a200000, 0x000000008a200000| Untracked 
| 135|0x000000008a300000, 0x000000008a300000, 0x000000008a400000|  0%| F|  |TAMS 0x000000008a300000, 0x000000008a300000| Untracked 
| 136|0x000000008a400000, 0x000000008a400000, 0x000000008a500000|  0%| F|  |TAMS 0x000000008a400000, 0x000000008a400000| Untracked 
| 137|0x000000008a500000, 0x000000008a500000, 0x000000008a600000|  0%| F|  |TAMS 0x000000008a500000, 0x000000008a500000| Untracked 
| 138|0x000000008a600000, 0x000000008a600000, 0x000000008a700000|  0%| F|  |TAMS 0x000000008a600000, 0x000000008a600000| Untracked 
| 139|0x000000008a700000, 0x000000008a700000, 0x000000008a800000|  0%| F|  |TAMS 0x000000008a700000, 0x000000008a700000| Untracked 
| 140|0x000000008a800000, 0x000000008a800000, 0x000000008a900000|  0%| F|  |TAMS 0x000000008a800000, 0x000000008a800000| Untracked 
| 141|0x000000008a900000, 0x000000008a900000, 0x000000008aa00000|  0%| F|  |TAMS 0x000000008a900000, 0x000000008a900000| Untracked 
| 142|0x000000008aa00000, 0x000000008aa00000, 0x000000008ab00000|  0%| F|  |TAMS 0x000000008aa00000, 0x000000008aa00000| Untracked 
| 143|0x000000008ab00000, 0x000000008ab00000, 0x000000008ac00000|  0%| F|  |TAMS 0x000000008ab00000, 0x000000008ab00000| Untracked 
| 144|0x000000008ac00000, 0x000000008ac00000, 0x000000008ad00000|  0%| F|  |TAMS 0x000000008ac00000, 0x000000008ac00000| Untracked 
| 145|0x000000008ad00000, 0x000000008ad00000, 0x000000008ae00000|  0%| F|  |TAMS 0x000000008ad00000, 0x000000008ad00000| Untracked 
| 146|0x000000008ae00000, 0x000000008ae00000, 0x000000008af00000|  0%| F|  |TAMS 0x000000008ae00000, 0x000000008ae00000| Untracked 
| 147|0x000000008af00000, 0x000000008af00000, 0x000000008b000000|  0%| F|  |TAMS 0x000000008af00000, 0x000000008af00000| Untracked 
| 148|0x000000008b000000, 0x000000008b000000, 0x000000008b100000|  0%| F|  |TAMS 0x000000008b000000, 0x000000008b000000| Untracked 
| 149|0x000000008b100000, 0x000000008b100000, 0x000000008b200000|  0%| F|  |TAMS 0x000000008b100000, 0x000000008b100000| Untracked 
| 150|0x000000008b200000, 0x000000008b200000, 0x000000008b300000|  0%| F|  |TAMS 0x000000008b200000, 0x000000008b200000| Untracked 
| 151|0x000000008b300000, 0x000000008b300000, 0x000000008b400000|  0%| F|  |TAMS 0x000000008b300000, 0x000000008b300000| Untracked 
| 152|0x000000008b400000, 0x000000008b400000, 0x000000008b500000|  0%| F|  |TAMS 0x000000008b400000, 0x000000008b400000| Untracked 
| 153|0x000000008b500000, 0x000000008b500000, 0x000000008b600000|  0%| F|  |TAMS 0x000000008b500000, 0x000000008b500000| Untracked 
| 154|0x000000008b600000, 0x000000008b600000, 0x000000008b700000|  0%| F|  |TAMS 0x000000008b600000, 0x000000008b600000| Untracked 
| 155|0x000000008b700000, 0x000000008b700000, 0x000000008b800000|  0%| F|  |TAMS 0x000000008b700000, 0x000000008b700000| Untracked 
| 156|0x000000008b800000, 0x000000008b800000, 0x000000008b900000|  0%| F|  |TAMS 0x000000008b800000, 0x000000008b800000| Untracked 
| 157|0x000000008b900000, 0x000000008b900000, 0x000000008ba00000|  0%| F|  |TAMS 0x000000008b900000, 0x000000008b900000| Untracked 
| 158|0x000000008ba00000, 0x000000008ba00000, 0x000000008bb00000|  0%| F|  |TAMS 0x000000008ba00000, 0x000000008ba00000| Untracked 
| 159|0x000000008bb00000, 0x000000008bb00000, 0x000000008bc00000|  0%| F|  |TAMS 0x000000008bb00000, 0x000000008bb00000| Untracked 
| 160|0x000000008bc00000, 0x000000008bc00000, 0x000000008bd00000|  0%| F|  |TAMS 0x000000008bc00000, 0x000000008bc00000| Untracked 
| 161|0x000000008bd00000, 0x000000008bd00000, 0x000000008be00000|  0%| F|  |TAMS 0x000000008bd00000, 0x000000008bd00000| Untracked 
| 162|0x000000008be00000, 0x000000008be00000, 0x000000008bf00000|  0%| F|  |TAMS 0x000000008be00000, 0x000000008be00000| Untracked 
| 163|0x000000008bf00000, 0x000000008bf00000, 0x000000008c000000|  0%| F|  |TAMS 0x000000008bf00000, 0x000000008bf00000| Untracked 
| 164|0x000000008c000000, 0x000000008c000000, 0x000000008c100000|  0%| F|  |TAMS 0x000000008c000000, 0x000000008c000000| Untracked 
| 165|0x000000008c100000, 0x000000008c100000, 0x000000008c200000|  0%| F|  |TAMS 0x000000008c100000, 0x000000008c100000| Untracked 
| 166|0x000000008c200000, 0x000000008c200000, 0x000000008c300000|  0%| F|  |TAMS 0x000000008c200000, 0x000000008c200000| Untracked 
| 167|0x000000008c300000, 0x000000008c300000, 0x000000008c400000|  0%| F|  |TAMS 0x000000008c300000, 0x000000008c300000| Untracked 
| 168|0x000000008c400000, 0x000000008c400000, 0x000000008c500000|  0%| F|  |TAMS 0x000000008c400000, 0x000000008c400000| Untracked 
| 169|0x000000008c500000, 0x000000008c500000, 0x000000008c600000|  0%| F|  |TAMS 0x000000008c500000, 0x000000008c500000| Untracked 
| 170|0x000000008c600000, 0x000000008c600000, 0x000000008c700000|  0%| F|  |TAMS 0x000000008c600000, 0x000000008c600000| Untracked 
| 171|0x000000008c700000, 0x000000008c700000, 0x000000008c800000|  0%| F|  |TAMS 0x000000008c700000, 0x000000008c700000| Untracked 
| 172|0x000000008c800000, 0x000000008c800000, 0x000000008c900000|  0%| F|  |TAMS 0x000000008c800000, 0x000000008c800000| Untracked 
| 173|0x000000008c900000, 0x000000008c900000, 0x000000008ca00000|  0%| F|  |TAMS 0x000000008c900000, 0x000000008c900000| Untracked 
| 174|0x000000008ca00000, 0x000000008ca00000, 0x000000008cb00000|  0%| F|  |TAMS 0x000000008ca00000, 0x000000008ca00000| Untracked 
| 175|0x000000008cb00000, 0x000000008cb00000, 0x000000008cc00000|  0%| F|  |TAMS 0x000000008cb00000, 0x000000008cb00000| Untracked 
| 176|0x000000008cc00000, 0x000000008cc00000, 0x000000008cd00000|  0%| F|  |TAMS 0x000000008cc00000, 0x000000008cc00000| Untracked 
| 177|0x000000008cd00000, 0x000000008cd00000, 0x000000008ce00000|  0%| F|  |TAMS 0x000000008cd00000, 0x000000008cd00000| Untracked 
| 178|0x000000008ce00000, 0x000000008ce00000, 0x000000008cf00000|  0%| F|  |TAMS 0x000000008ce00000, 0x000000008ce00000| Untracked 
| 179|0x000000008cf00000, 0x000000008cf00000, 0x000000008d000000|  0%| F|  |TAMS 0x000000008cf00000, 0x000000008cf00000| Untracked 
| 180|0x000000008d000000, 0x000000008d000000, 0x000000008d100000|  0%| F|  |TAMS 0x000000008d000000, 0x000000008d000000| Untracked 
| 181|0x000000008d100000, 0x000000008d100000, 0x000000008d200000|  0%| F|  |TAMS 0x000000008d100000, 0x000000008d100000| Untracked 
| 182|0x000000008d200000, 0x000000008d200000, 0x000000008d300000|  0%| F|  |TAMS 0x000000008d200000, 0x000000008d200000| Untracked 
| 183|0x000000008d300000, 0x000000008d300000, 0x000000008d400000|  0%| F|  |TAMS 0x000000008d300000, 0x000000008d300000| Untracked 
| 184|0x000000008d400000, 0x000000008d400000, 0x000000008d500000|  0%| F|  |TAMS 0x000000008d400000, 0x000000008d400000| Untracked 
| 185|0x000000008d500000, 0x000000008d500000, 0x000000008d600000|  0%| F|  |TAMS 0x000000008d500000, 0x000000008d500000| Untracked 
| 186|0x000000008d600000, 0x000000008d600000, 0x000000008d700000|  0%| F|  |TAMS 0x000000008d600000, 0x000000008d600000| Untracked 
| 187|0x000000008d700000, 0x000000008d700000, 0x000000008d800000|  0%| F|  |TAMS 0x000000008d700000, 0x000000008d700000| Untracked 
| 188|0x000000008d800000, 0x000000008d800000, 0x000000008d900000|  0%| F|  |TAMS 0x000000008d800000, 0x000000008d800000| Untracked 
| 189|0x000000008d900000, 0x000000008d900000, 0x000000008da00000|  0%| F|  |TAMS 0x000000008d900000, 0x000000008d900000| Untracked 
| 190|0x000000008da00000, 0x000000008da00000, 0x000000008db00000|  0%| F|  |TAMS 0x000000008da00000, 0x000000008da00000| Untracked 
| 191|0x000000008db00000, 0x000000008db00000, 0x000000008dc00000|  0%| F|  |TAMS 0x000000008db00000, 0x000000008db00000| Untracked 
| 192|0x000000008dc00000, 0x000000008dc00000, 0x000000008dd00000|  0%| F|  |TAMS 0x000000008dc00000, 0x000000008dc00000| Untracked 
| 193|0x000000008dd00000, 0x000000008dd00000, 0x000000008de00000|  0%| F|  |TAMS 0x000000008dd00000, 0x000000008dd00000| Untracked 
| 194|0x000000008de00000, 0x000000008de00000, 0x000000008df00000|  0%| F|  |TAMS 0x000000008de00000, 0x000000008de00000| Untracked 
| 195|0x000000008df00000, 0x000000008df00000, 0x000000008e000000|  0%| F|  |TAMS 0x000000008df00000, 0x000000008df00000| Untracked 
| 196|0x000000008e000000, 0x000000008e000000, 0x000000008e100000|  0%| F|  |TAMS 0x000000008e000000, 0x000000008e000000| Untracked 
| 197|0x000000008e100000, 0x000000008e100000, 0x000000008e200000|  0%| F|  |TAMS 0x000000008e100000, 0x000000008e100000| Untracked 
| 198|0x000000008e200000, 0x000000008e200000, 0x000000008e300000|  0%| F|  |TAMS 0x000000008e200000, 0x000000008e200000| Untracked 
| 199|0x000000008e300000, 0x000000008e300000, 0x000000008e400000|  0%| F|  |TAMS 0x000000008e300000, 0x000000008e300000| Untracked 
| 200|0x000000008e400000, 0x000000008e400000, 0x000000008e500000|  0%| F|  |TAMS 0x000000008e400000, 0x000000008e400000| Untracked 
| 201|0x000000008e500000, 0x000000008e500000, 0x000000008e600000|  0%| F|  |TAMS 0x000000008e500000, 0x000000008e500000| Untracked 
| 202|0x000000008e600000, 0x000000008e600000, 0x000000008e700000|  0%| F|  |TAMS 0x000000008e600000, 0x000000008e600000| Untracked 
| 203|0x000000008e700000, 0x000000008e700000, 0x000000008e800000|  0%| F|  |TAMS 0x000000008e700000, 0x000000008e700000| Untracked 
| 204|0x000000008e800000, 0x000000008e800000, 0x000000008e900000|  0%| F|  |TAMS 0x000000008e800000, 0x000000008e800000| Untracked 
| 205|0x000000008e900000, 0x000000008e900000, 0x000000008ea00000|  0%| F|  |TAMS 0x000000008e900000, 0x000000008e900000| Untracked 
| 206|0x000000008ea00000, 0x000000008ea00000, 0x000000008eb00000|  0%| F|  |TAMS 0x000000008ea00000, 0x000000008ea00000| Untracked 
| 207|0x000000008eb00000, 0x000000008eb00000, 0x000000008ec00000|  0%| F|  |TAMS 0x000000008eb00000, 0x000000008eb00000| Untracked 
| 208|0x000000008ec00000, 0x000000008ec00000, 0x000000008ed00000|  0%| F|  |TAMS 0x000000008ec00000, 0x000000008ec00000| Untracked 
| 209|0x000000008ed00000, 0x000000008ed00000, 0x000000008ee00000|  0%| F|  |TAMS 0x000000008ed00000, 0x000000008ed00000| Untracked 
| 210|0x000000008ee00000, 0x000000008ee00000, 0x000000008ef00000|  0%| F|  |TAMS 0x000000008ee00000, 0x000000008ee00000| Untracked 
| 211|0x000000008ef00000, 0x000000008ef00000, 0x000000008f000000|  0%| F|  |TAMS 0x000000008ef00000, 0x000000008ef00000| Untracked 
| 212|0x000000008f000000, 0x000000008f000000, 0x000000008f100000|  0%| F|  |TAMS 0x000000008f000000, 0x000000008f000000| Untracked 
| 213|0x000000008f100000, 0x000000008f100000, 0x000000008f200000|  0%| F|  |TAMS 0x000000008f100000, 0x000000008f100000| Untracked 
| 214|0x000000008f200000, 0x000000008f200000, 0x000000008f300000|  0%| F|  |TAMS 0x000000008f200000, 0x000000008f200000| Untracked 
| 215|0x000000008f300000, 0x000000008f300000, 0x000000008f400000|  0%| F|  |TAMS 0x000000008f300000, 0x000000008f300000| Untracked 
| 216|0x000000008f400000, 0x000000008f400000, 0x000000008f500000|  0%| F|  |TAMS 0x000000008f400000, 0x000000008f400000| Untracked 
| 217|0x000000008f500000, 0x000000008f500000, 0x000000008f600000|  0%| F|  |TAMS 0x000000008f500000, 0x000000008f500000| Untracked 
| 218|0x000000008f600000, 0x000000008f600000, 0x000000008f700000|  0%| F|  |TAMS 0x000000008f600000, 0x000000008f600000| Untracked 
| 219|0x000000008f700000, 0x000000008f700000, 0x000000008f800000|  0%| F|  |TAMS 0x000000008f700000, 0x000000008f700000| Untracked 
| 220|0x000000008f800000, 0x000000008f800000, 0x000000008f900000|  0%| F|  |TAMS 0x000000008f800000, 0x000000008f800000| Untracked 
| 221|0x000000008f900000, 0x000000008f900000, 0x000000008fa00000|  0%| F|  |TAMS 0x000000008f900000, 0x000000008f900000| Untracked 
| 222|0x000000008fa00000, 0x000000008fa00000, 0x000000008fb00000|  0%| F|  |TAMS 0x000000008fa00000, 0x000000008fa00000| Untracked 
| 223|0x000000008fb00000, 0x000000008fb00000, 0x000000008fc00000|  0%| F|  |TAMS 0x000000008fb00000, 0x000000008fb00000| Untracked 
| 224|0x000000008fc00000, 0x000000008fc00000, 0x000000008fd00000|  0%| F|  |TAMS 0x000000008fc00000, 0x000000008fc00000| Untracked 
| 225|0x000000008fd00000, 0x000000008fd00000, 0x000000008fe00000|  0%| F|  |TAMS 0x000000008fd00000, 0x000000008fd00000| Untracked 
| 226|0x000000008fe00000, 0x000000008fe00000, 0x000000008ff00000|  0%| F|  |TAMS 0x000000008fe00000, 0x000000008fe00000| Untracked 
| 227|0x000000008ff00000, 0x000000008ff00000, 0x0000000090000000|  0%| F|  |TAMS 0x000000008ff00000, 0x000000008ff00000| Untracked 
| 228|0x0000000090000000, 0x0000000090000000, 0x0000000090100000|  0%| F|  |TAMS 0x0000000090000000, 0x0000000090000000| Untracked 
| 229|0x0000000090100000, 0x0000000090100000, 0x0000000090200000|  0%| F|  |TAMS 0x0000000090100000, 0x0000000090100000| Untracked 
| 230|0x0000000090200000, 0x0000000090200000, 0x0000000090300000|  0%| F|  |TAMS 0x0000000090200000, 0x0000000090200000| Untracked 
| 231|0x0000000090300000, 0x0000000090300000, 0x0000000090400000|  0%| F|  |TAMS 0x0000000090300000, 0x0000000090300000| Untracked 
| 232|0x0000000090400000, 0x0000000090400000, 0x0000000090500000|  0%| F|  |TAMS 0x0000000090400000, 0x0000000090400000| Untracked 
| 233|0x0000000090500000, 0x0000000090500000, 0x0000000090600000|  0%| F|  |TAMS 0x0000000090500000, 0x0000000090500000| Untracked 
| 234|0x0000000090600000, 0x0000000090600000, 0x0000000090700000|  0%| F|  |TAMS 0x0000000090600000, 0x0000000090600000| Untracked 
| 235|0x0000000090700000, 0x0000000090700000, 0x0000000090800000|  0%| F|  |TAMS 0x0000000090700000, 0x0000000090700000| Untracked 
| 236|0x0000000090800000, 0x0000000090800000, 0x0000000090900000|  0%| F|  |TAMS 0x0000000090800000, 0x0000000090800000| Untracked 
| 237|0x0000000090900000, 0x0000000090900000, 0x0000000090a00000|  0%| F|  |TAMS 0x0000000090900000, 0x0000000090900000| Untracked 
| 238|0x0000000090a00000, 0x0000000090a00000, 0x0000000090b00000|  0%| F|  |TAMS 0x0000000090a00000, 0x0000000090a00000| Untracked 
| 239|0x0000000090b00000, 0x0000000090b00000, 0x0000000090c00000|  0%| F|  |TAMS 0x0000000090b00000, 0x0000000090b00000| Untracked 
| 240|0x0000000090c00000, 0x0000000090c00000, 0x0000000090d00000|  0%| F|  |TAMS 0x0000000090c00000, 0x0000000090c00000| Untracked 
| 241|0x0000000090d00000, 0x0000000090d00000, 0x0000000090e00000|  0%| F|  |TAMS 0x0000000090d00000, 0x0000000090d00000| Untracked 
| 242|0x0000000090e00000, 0x0000000090e00000, 0x0000000090f00000|  0%| F|  |TAMS 0x0000000090e00000, 0x0000000090e00000| Untracked 
| 243|0x0000000090f00000, 0x0000000090f00000, 0x0000000091000000|  0%| F|  |TAMS 0x0000000090f00000, 0x0000000090f00000| Untracked 
| 244|0x0000000091000000, 0x0000000091000000, 0x0000000091100000|  0%| F|  |TAMS 0x0000000091000000, 0x0000000091000000| Untracked 
| 245|0x0000000091100000, 0x0000000091100000, 0x0000000091200000|  0%| F|  |TAMS 0x0000000091100000, 0x0000000091100000| Untracked 
| 246|0x0000000091200000, 0x0000000091200000, 0x0000000091300000|  0%| F|  |TAMS 0x0000000091200000, 0x0000000091200000| Untracked 
| 247|0x0000000091300000, 0x0000000091300000, 0x0000000091400000|  0%| F|  |TAMS 0x0000000091300000, 0x0000000091300000| Untracked 
| 248|0x0000000091400000, 0x0000000091400000, 0x0000000091500000|  0%| F|  |TAMS 0x0000000091400000, 0x0000000091400000| Untracked 
| 249|0x0000000091500000, 0x0000000091500000, 0x0000000091600000|  0%| F|  |TAMS 0x0000000091500000, 0x0000000091500000| Untracked 
| 250|0x0000000091600000, 0x0000000091600000, 0x0000000091700000|  0%| F|  |TAMS 0x0000000091600000, 0x0000000091600000| Untracked 
| 251|0x0000000091700000, 0x0000000091700000, 0x0000000091800000|  0%| F|  |TAMS 0x0000000091700000, 0x0000000091700000| Untracked 
| 252|0x0000000091800000, 0x0000000091800000, 0x0000000091900000|  0%| F|  |TAMS 0x0000000091800000, 0x0000000091800000| Untracked 
| 253|0x0000000091900000, 0x0000000091900000, 0x0000000091a00000|  0%| F|  |TAMS 0x0000000091900000, 0x0000000091900000| Untracked 
| 254|0x0000000091a00000, 0x0000000091a00000, 0x0000000091b00000|  0%| F|  |TAMS 0x0000000091a00000, 0x0000000091a00000| Untracked 
| 255|0x0000000091b00000, 0x0000000091b00000, 0x0000000091c00000|  0%| F|  |TAMS 0x0000000091b00000, 0x0000000091b00000| Untracked 
| 256|0x0000000091c00000, 0x0000000091c00000, 0x0000000091d00000|  0%| F|  |TAMS 0x0000000091c00000, 0x0000000091c00000| Untracked 
| 257|0x0000000091d00000, 0x0000000091d00000, 0x0000000091e00000|  0%| F|  |TAMS 0x0000000091d00000, 0x0000000091d00000| Untracked 
| 258|0x0000000091e00000, 0x0000000091e00000, 0x0000000091f00000|  0%| F|  |TAMS 0x0000000091e00000, 0x0000000091e00000| Untracked 
| 259|0x0000000091f00000, 0x0000000091f00000, 0x0000000092000000|  0%| F|  |TAMS 0x0000000091f00000, 0x0000000091f00000| Untracked 
| 260|0x0000000092000000, 0x00000000920824a0, 0x0000000092100000| 50%| S|CS|TAMS 0x0000000092000000, 0x0000000092000000| Complete 
| 261|0x0000000092100000, 0x0000000092200000, 0x0000000092200000|100%| S|CS|TAMS 0x0000000092100000, 0x0000000092100000| Complete 
| 262|0x0000000092200000, 0x0000000092300000, 0x0000000092300000|100%| S|CS|TAMS 0x0000000092200000, 0x0000000092200000| Complete 
| 263|0x0000000092300000, 0x0000000092400000, 0x0000000092400000|100%| S|CS|TAMS 0x0000000092300000, 0x0000000092300000| Complete 
| 264|0x0000000092400000, 0x0000000092500000, 0x0000000092500000|100%| S|CS|TAMS 0x0000000092400000, 0x0000000092400000| Complete 
| 265|0x0000000092500000, 0x0000000092500000, 0x0000000092600000|  0%| F|  |TAMS 0x0000000092500000, 0x0000000092500000| Untracked 
| 266|0x0000000092600000, 0x0000000092600000, 0x0000000092700000|  0%| F|  |TAMS 0x0000000092600000, 0x0000000092600000| Untracked 
| 267|0x0000000092700000, 0x0000000092700000, 0x0000000092800000|  0%| F|  |TAMS 0x0000000092700000, 0x0000000092700000| Untracked 
| 268|0x0000000092800000, 0x0000000092800000, 0x0000000092900000|  0%| F|  |TAMS 0x0000000092800000, 0x0000000092800000| Untracked 
| 269|0x0000000092900000, 0x0000000092900000, 0x0000000092a00000|  0%| F|  |TAMS 0x0000000092900000, 0x0000000092900000| Untracked 
| 270|0x0000000092a00000, 0x0000000092a00000, 0x0000000092b00000|  0%| F|  |TAMS 0x0000000092a00000, 0x0000000092a00000| Untracked 
| 271|0x0000000092b00000, 0x0000000092b00000, 0x0000000092c00000|  0%| F|  |TAMS 0x0000000092b00000, 0x0000000092b00000| Untracked 
| 272|0x0000000092c00000, 0x0000000092c00000, 0x0000000092d00000|  0%| F|  |TAMS 0x0000000092c00000, 0x0000000092c00000| Untracked 
| 273|0x0000000092d00000, 0x0000000092d00000, 0x0000000092e00000|  0%| F|  |TAMS 0x0000000092d00000, 0x0000000092d00000| Untracked 
| 274|0x0000000092e00000, 0x0000000092e00000, 0x0000000092f00000|  0%| F|  |TAMS 0x0000000092e00000, 0x0000000092e00000| Untracked 
| 275|0x0000000092f00000, 0x0000000092f00000, 0x0000000093000000|  0%| F|  |TAMS 0x0000000092f00000, 0x0000000092f00000| Untracked 
| 276|0x0000000093000000, 0x0000000093000000, 0x0000000093100000|  0%| F|  |TAMS 0x0000000093000000, 0x0000000093000000| Untracked 
| 277|0x0000000093100000, 0x0000000093100000, 0x0000000093200000|  0%| F|  |TAMS 0x0000000093100000, 0x0000000093100000| Untracked 
| 278|0x0000000093200000, 0x0000000093200000, 0x0000000093300000|  0%| F|  |TAMS 0x0000000093200000, 0x0000000093200000| Untracked 
| 279|0x0000000093300000, 0x0000000093300000, 0x0000000093400000|  0%| F|  |TAMS 0x0000000093300000, 0x0000000093300000| Untracked 
| 280|0x0000000093400000, 0x0000000093400000, 0x0000000093500000|  0%| F|  |TAMS 0x0000000093400000, 0x0000000093400000| Untracked 
| 281|0x0000000093500000, 0x0000000093500000, 0x0000000093600000|  0%| F|  |TAMS 0x0000000093500000, 0x0000000093500000| Untracked 
| 282|0x0000000093600000, 0x0000000093600000, 0x0000000093700000|  0%| F|  |TAMS 0x0000000093600000, 0x0000000093600000| Untracked 
| 283|0x0000000093700000, 0x0000000093700000, 0x0000000093800000|  0%| F|  |TAMS 0x0000000093700000, 0x0000000093700000| Untracked 
| 284|0x0000000093800000, 0x0000000093800000, 0x0000000093900000|  0%| F|  |TAMS 0x0000000093800000, 0x0000000093800000| Untracked 
| 285|0x0000000093900000, 0x0000000093900000, 0x0000000093a00000|  0%| F|  |TAMS 0x0000000093900000, 0x0000000093900000| Untracked 
| 286|0x0000000093a00000, 0x0000000093a00000, 0x0000000093b00000|  0%| F|  |TAMS 0x0000000093a00000, 0x0000000093a00000| Untracked 
| 287|0x0000000093b00000, 0x0000000093b00000, 0x0000000093c00000|  0%| F|  |TAMS 0x0000000093b00000, 0x0000000093b00000| Untracked 
| 288|0x0000000093c00000, 0x0000000093c00000, 0x0000000093d00000|  0%| F|  |TAMS 0x0000000093c00000, 0x0000000093c00000| Untracked 
| 289|0x0000000093d00000, 0x0000000093d00000, 0x0000000093e00000|  0%| F|  |TAMS 0x0000000093d00000, 0x0000000093d00000| Untracked 
| 290|0x0000000093e00000, 0x0000000093e00000, 0x0000000093f00000|  0%| F|  |TAMS 0x0000000093e00000, 0x0000000093e00000| Untracked 
| 291|0x0000000093f00000, 0x0000000093f00000, 0x0000000094000000|  0%| F|  |TAMS 0x0000000093f00000, 0x0000000093f00000| Untracked 
| 292|0x0000000094000000, 0x0000000094000000, 0x0000000094100000|  0%| F|  |TAMS 0x0000000094000000, 0x0000000094000000| Untracked 
| 293|0x0000000094100000, 0x0000000094100000, 0x0000000094200000|  0%| F|  |TAMS 0x0000000094100000, 0x0000000094100000| Untracked 
| 294|0x0000000094200000, 0x0000000094200000, 0x0000000094300000|  0%| F|  |TAMS 0x0000000094200000, 0x0000000094200000| Untracked 
| 295|0x0000000094300000, 0x0000000094300000, 0x0000000094400000|  0%| F|  |TAMS 0x0000000094300000, 0x0000000094300000| Untracked 
| 296|0x0000000094400000, 0x0000000094400000, 0x0000000094500000|  0%| F|  |TAMS 0x0000000094400000, 0x0000000094400000| Untracked 
| 297|0x0000000094500000, 0x0000000094500000, 0x0000000094600000|  0%| F|  |TAMS 0x0000000094500000, 0x0000000094500000| Untracked 
| 298|0x0000000094600000, 0x0000000094600000, 0x0000000094700000|  0%| F|  |TAMS 0x0000000094600000, 0x0000000094600000| Untracked 
| 299|0x0000000094700000, 0x0000000094700000, 0x0000000094800000|  0%| F|  |TAMS 0x0000000094700000, 0x0000000094700000| Untracked 
| 300|0x0000000094800000, 0x0000000094800000, 0x0000000094900000|  0%| F|  |TAMS 0x0000000094800000, 0x0000000094800000| Untracked 
| 301|0x0000000094900000, 0x0000000094900000, 0x0000000094a00000|  0%| F|  |TAMS 0x0000000094900000, 0x0000000094900000| Untracked 
| 302|0x0000000094a00000, 0x0000000094a00000, 0x0000000094b00000|  0%| F|  |TAMS 0x0000000094a00000, 0x0000000094a00000| Untracked 
| 303|0x0000000094b00000, 0x0000000094b00000, 0x0000000094c00000|  0%| F|  |TAMS 0x0000000094b00000, 0x0000000094b00000| Untracked 
| 304|0x0000000094c00000, 0x0000000094c00000, 0x0000000094d00000|  0%| F|  |TAMS 0x0000000094c00000, 0x0000000094c00000| Untracked 
| 305|0x0000000094d00000, 0x0000000094d00000, 0x0000000094e00000|  0%| F|  |TAMS 0x0000000094d00000, 0x0000000094d00000| Untracked 
| 306|0x0000000094e00000, 0x0000000094e00000, 0x0000000094f00000|  0%| F|  |TAMS 0x0000000094e00000, 0x0000000094e00000| Untracked 
| 307|0x0000000094f00000, 0x0000000094f00000, 0x0000000095000000|  0%| F|  |TAMS 0x0000000094f00000, 0x0000000094f00000| Untracked 
| 308|0x0000000095000000, 0x0000000095000000, 0x0000000095100000|  0%| F|  |TAMS 0x0000000095000000, 0x0000000095000000| Untracked 
| 309|0x0000000095100000, 0x0000000095100000, 0x0000000095200000|  0%| F|  |TAMS 0x0000000095100000, 0x0000000095100000| Untracked 
| 310|0x0000000095200000, 0x0000000095200000, 0x0000000095300000|  0%| F|  |TAMS 0x0000000095200000, 0x0000000095200000| Untracked 
| 311|0x0000000095300000, 0x0000000095300000, 0x0000000095400000|  0%| F|  |TAMS 0x0000000095300000, 0x0000000095300000| Untracked 
| 312|0x0000000095400000, 0x0000000095400000, 0x0000000095500000|  0%| F|  |TAMS 0x0000000095400000, 0x0000000095400000| Untracked 
| 313|0x0000000095500000, 0x0000000095500000, 0x0000000095600000|  0%| F|  |TAMS 0x0000000095500000, 0x0000000095500000| Untracked 
| 314|0x0000000095600000, 0x0000000095600000, 0x0000000095700000|  0%| F|  |TAMS 0x0000000095600000, 0x0000000095600000| Untracked 
| 315|0x0000000095700000, 0x0000000095700000, 0x0000000095800000|  0%| F|  |TAMS 0x0000000095700000, 0x0000000095700000| Untracked 
| 316|0x0000000095800000, 0x0000000095800000, 0x0000000095900000|  0%| F|  |TAMS 0x0000000095800000, 0x0000000095800000| Untracked 
| 317|0x0000000095900000, 0x0000000095900000, 0x0000000095a00000|  0%| F|  |TAMS 0x0000000095900000, 0x0000000095900000| Untracked 
| 318|0x0000000095a00000, 0x0000000095a00000, 0x0000000095b00000|  0%| F|  |TAMS 0x0000000095a00000, 0x0000000095a00000| Untracked 
| 319|0x0000000095b00000, 0x0000000095b00000, 0x0000000095c00000|  0%| F|  |TAMS 0x0000000095b00000, 0x0000000095b00000| Untracked 
| 320|0x0000000095c00000, 0x0000000095c00000, 0x0000000095d00000|  0%| F|  |TAMS 0x0000000095c00000, 0x0000000095c00000| Untracked 
| 321|0x0000000095d00000, 0x0000000095d00000, 0x0000000095e00000|  0%| F|  |TAMS 0x0000000095d00000, 0x0000000095d00000| Untracked 
| 322|0x0000000095e00000, 0x0000000095e00000, 0x0000000095f00000|  0%| F|  |TAMS 0x0000000095e00000, 0x0000000095e00000| Untracked 
| 323|0x0000000095f00000, 0x0000000095f00000, 0x0000000096000000|  0%| F|  |TAMS 0x0000000095f00000, 0x0000000095f00000| Untracked 
| 324|0x0000000096000000, 0x0000000096000000, 0x0000000096100000|  0%| F|  |TAMS 0x0000000096000000, 0x0000000096000000| Untracked 
| 325|0x0000000096100000, 0x0000000096100000, 0x0000000096200000|  0%| F|  |TAMS 0x0000000096100000, 0x0000000096100000| Untracked 
| 326|0x0000000096200000, 0x0000000096200000, 0x0000000096300000|  0%| F|  |TAMS 0x0000000096200000, 0x0000000096200000| Untracked 
| 327|0x0000000096300000, 0x0000000096300000, 0x0000000096400000|  0%| F|  |TAMS 0x0000000096300000, 0x0000000096300000| Untracked 
| 328|0x0000000096400000, 0x0000000096400000, 0x0000000096500000|  0%| F|  |TAMS 0x0000000096400000, 0x0000000096400000| Untracked 
| 329|0x0000000096500000, 0x0000000096500000, 0x0000000096600000|  0%| F|  |TAMS 0x0000000096500000, 0x0000000096500000| Untracked 
| 330|0x0000000096600000, 0x0000000096600000, 0x0000000096700000|  0%| F|  |TAMS 0x0000000096600000, 0x0000000096600000| Untracked 
| 331|0x0000000096700000, 0x0000000096700000, 0x0000000096800000|  0%| F|  |TAMS 0x0000000096700000, 0x0000000096700000| Untracked 
| 332|0x0000000096800000, 0x0000000096800000, 0x0000000096900000|  0%| F|  |TAMS 0x0000000096800000, 0x0000000096800000| Untracked 
| 333|0x0000000096900000, 0x0000000096900000, 0x0000000096a00000|  0%| F|  |TAMS 0x0000000096900000, 0x0000000096900000| Untracked 
| 334|0x0000000096a00000, 0x0000000096a00000, 0x0000000096b00000|  0%| F|  |TAMS 0x0000000096a00000, 0x0000000096a00000| Untracked 
| 335|0x0000000096b00000, 0x0000000096b00000, 0x0000000096c00000|  0%| F|  |TAMS 0x0000000096b00000, 0x0000000096b00000| Untracked 
| 336|0x0000000096c00000, 0x0000000096c00000, 0x0000000096d00000|  0%| F|  |TAMS 0x0000000096c00000, 0x0000000096c00000| Untracked 
| 337|0x0000000096d00000, 0x0000000096d00000, 0x0000000096e00000|  0%| F|  |TAMS 0x0000000096d00000, 0x0000000096d00000| Untracked 
| 338|0x0000000096e00000, 0x0000000096e00000, 0x0000000096f00000|  0%| F|  |TAMS 0x0000000096e00000, 0x0000000096e00000| Untracked 
| 339|0x0000000096f00000, 0x0000000096f00000, 0x0000000097000000|  0%| F|  |TAMS 0x0000000096f00000, 0x0000000096f00000| Untracked 
| 340|0x0000000097000000, 0x0000000097000000, 0x0000000097100000|  0%| F|  |TAMS 0x0000000097000000, 0x0000000097000000| Untracked 
| 341|0x0000000097100000, 0x0000000097100000, 0x0000000097200000|  0%| F|  |TAMS 0x0000000097100000, 0x0000000097100000| Untracked 
| 342|0x0000000097200000, 0x0000000097200000, 0x0000000097300000|  0%| F|  |TAMS 0x0000000097200000, 0x0000000097200000| Untracked 
| 343|0x0000000097300000, 0x0000000097300000, 0x0000000097400000|  0%| F|  |TAMS 0x0000000097300000, 0x0000000097300000| Untracked 
| 344|0x0000000097400000, 0x0000000097400000, 0x0000000097500000|  0%| F|  |TAMS 0x0000000097400000, 0x0000000097400000| Untracked 
| 345|0x0000000097500000, 0x0000000097500000, 0x0000000097600000|  0%| F|  |TAMS 0x0000000097500000, 0x0000000097500000| Untracked 
| 346|0x0000000097600000, 0x0000000097600000, 0x0000000097700000|  0%| F|  |TAMS 0x0000000097600000, 0x0000000097600000| Untracked 
| 347|0x0000000097700000, 0x0000000097700000, 0x0000000097800000|  0%| F|  |TAMS 0x0000000097700000, 0x0000000097700000| Untracked 
| 348|0x0000000097800000, 0x0000000097800000, 0x0000000097900000|  0%| F|  |TAMS 0x0000000097800000, 0x0000000097800000| Untracked 
| 349|0x0000000097900000, 0x0000000097900000, 0x0000000097a00000|  0%| F|  |TAMS 0x0000000097900000, 0x0000000097900000| Untracked 
| 350|0x0000000097a00000, 0x0000000097a00000, 0x0000000097b00000|  0%| F|  |TAMS 0x0000000097a00000, 0x0000000097a00000| Untracked 
| 351|0x0000000097b00000, 0x0000000097b00000, 0x0000000097c00000|  0%| F|  |TAMS 0x0000000097b00000, 0x0000000097b00000| Untracked 
| 352|0x0000000097c00000, 0x0000000097c00000, 0x0000000097d00000|  0%| F|  |TAMS 0x0000000097c00000, 0x0000000097c00000| Untracked 
| 353|0x0000000097d00000, 0x0000000097d00000, 0x0000000097e00000|  0%| F|  |TAMS 0x0000000097d00000, 0x0000000097d00000| Untracked 
| 354|0x0000000097e00000, 0x0000000097e00000, 0x0000000097f00000|  0%| F|  |TAMS 0x0000000097e00000, 0x0000000097e00000| Untracked 
| 355|0x0000000097f00000, 0x0000000097f00000, 0x0000000098000000|  0%| F|  |TAMS 0x0000000097f00000, 0x0000000097f00000| Untracked 
| 356|0x0000000098000000, 0x0000000098000000, 0x0000000098100000|  0%| F|  |TAMS 0x0000000098000000, 0x0000000098000000| Untracked 

Card table byte_map: [0x0000023e6ea60000,0x0000023e6ee60000] _byte_map_base: 0x0000023e6e652000

Marking Bits (Prev, Next): (CMBitMap*) 0x0000023e6ac20260, (CMBitMap*) 0x0000023e6ac202a0
 Prev Bits: [0x0000023e6f260000, 0x0000023e711f0000)
 Next Bits: [0x0000023e711f0000, 0x0000023e73180000)

Polling page: 0x0000023e61100000

Metaspace:

Usage:
  Non-class:     72.05 MB used.
      Class:     11.50 MB used.
       Both:     83.55 MB used.

Virtual space:
  Non-class space:       80.00 MB reserved,      72.38 MB ( 90%) committed,  10 nodes.
      Class space:        1.00 GB reserved,      11.88 MB (  1%) committed,  1 nodes.
             Both:        1.08 GB reserved,      84.25 MB (  8%) committed. 

Chunk freelists:
   Non-Class:  3.39 MB
       Class:  260.00 KB
        Both:  3.65 MB

MaxMetaspaceSize: unlimited
CompressedClassSpaceSize: 1.00 GB
Initial GC threshold: 21.00 MB
Current GC threshold: 139.50 MB
CDS: on
MetaspaceReclaimPolicy: balanced
 - commit_granule_bytes: 65536.
 - commit_granule_words: 8192.
 - virtual_space_node_default_size: 1048576.
 - enlarge_chunks_in_place: 1.
 - new_chunks_are_fully_committed: 0.
 - uncommit_free_chunks: 1.
 - use_allocation_guard: 0.
 - handle_deallocations: 1.


Internal statistics:

num_allocs_failed_limit: 11.
num_arena_births: 1222.
num_arena_deaths: 410.
num_vsnodes_births: 11.
num_vsnodes_deaths: 0.
num_space_committed: 1348.
num_space_uncommitted: 0.
num_chunks_returned_to_freelist: 502.
num_chunks_taken_from_freelist: 4464.
num_chunk_merges: 157.
num_chunk_splits: 2947.
num_chunks_enlarged: 2194.
num_purges: 6.
num_inconsistent_stats: 0.

CodeCache: size=49152Kb used=24044Kb max_used=24493Kb free=25107Kb
 bounds [0x0000023e6ad70000, 0x0000023e6c5c0000, 0x0000023e6dd70000]
 total_blobs=12196 nmethods=11484 adapters=638
 compilation: enabled
              stopped_count=0, restarted_count=0
 full_count=0

Compilation events (20 events):
Event: 559.014 Thread 0x0000023e75b80970 11616       1       org.springframework.aop.support.AbstractGenericPointcutAdvisor::setAdvice (6 bytes)
Event: 559.015 Thread 0x0000023e75b80970 nmethod 11616 0x0000023e6bfebc90 code [0x0000023e6bfebe20, 0x0000023e6bfebf38]
Event: 559.114 Thread 0x0000023e75b80970 11617       1       java.util.regex.CharPredicates::forProperty (2719 bytes)
Event: 559.280 Thread 0x0000023e75b80970 nmethod 11617 0x0000023e6bfe2310 code [0x0000023e6bfe30c0, 0x0000023e6bfe6dc8]
Event: 559.294 Thread 0x0000023e75b80970 11618   !   1       org.springframework.aop.framework.ProxyCreatorSupport::adviceChanged (67 bytes)
Event: 559.317 Thread 0x0000023e75b80970 nmethod 11618 0x0000023e6bfe1a10 code [0x0000023e6bfe1c00, 0x0000023e6bfe1f28]
Event: 559.317 Thread 0x0000023e75b80970 11621       1       org.springframework.cglib.core.CollectionUtils::transform (54 bytes)
Event: 559.318 Thread 0x0000023e75b80970 nmethod 11621 0x0000023e6bfe1010 code [0x0000023e6bfe1200, 0x0000023e6bfe15c8]
Event: 559.318 Thread 0x0000023e75b80970 11620       1       org.springframework.cglib.proxy.CallbackInfo::determineType (111 bytes)
Event: 559.318 Thread 0x0000023e75b80970 nmethod 11620 0x0000023e6bfe0590 code [0x0000023e6bfe0780, 0x0000023e6bfe0b28]
Event: 559.319 Thread 0x0000023e75b80970 11622       1       org.springframework.cglib.proxy.CallbackInfo::getGenerator (57 bytes)
Event: 559.320 Thread 0x0000023e75b80970 nmethod 11622 0x0000023e6bfdfe90 code [0x0000023e6bfe0060, 0x0000023e6bfe0288]
Event: 559.320 Thread 0x0000023e75b80970 11619       1       org.springframework.aop.framework.AdvisedSupport::adviceChanged (69 bytes)
Event: 559.320 Thread 0x0000023e75b80970 nmethod 11619 0x0000023e6bfdf610 code [0x0000023e6bfdf7e0, 0x0000023e6bfdfbe8]
Event: 559.758 Thread 0x0000023e75b80970 11623       1       java.util.concurrent.atomic.AtomicLong::incrementAndGet (14 bytes)
Event: 559.759 Thread 0x0000023e75b80970 nmethod 11623 0x0000023e6bfdf310 code [0x0000023e6bfdf4a0, 0x0000023e6bfdf578]
Event: 559.759 Thread 0x0000023e75b80970 11624       1       org.springframework.data.util.TypeDiscoverer::isAssignableFrom (47 bytes)
Event: 559.760 Thread 0x0000023e75b80970 nmethod 11624 0x0000023e6bfdec90 code [0x0000023e6bfdee80, 0x0000023e6bfdf0c8]
Event: 559.994 Thread 0x0000023e75b80970 11625       1       org.springframework.aop.target.SingletonTargetSource::getTargetClass (8 bytes)
Event: 559.995 Thread 0x0000023e75b80970 nmethod 11625 0x0000023e6bfde910 code [0x0000023e6bfdeaa0, 0x0000023e6bfdeb78]

GC Heap History (20 events):
Event: 511.963 GC heap after
{Heap after GC invocations=36 (full 3):
 garbage-first heap   total 122880K, used 32599K [0x0000000081c00000, 0x0000000100000000)
  region size 1024K, 0 young (0K), 0 survivors (0K)
 Metaspace       used 84492K, committed 85696K, reserved 1130496K
  class space    used 11688K, committed 12160K, reserved 1048576K
}
Event: 519.932 GC heap before
{Heap before GC invocations=36 (full 3):
 garbage-first heap   total 122880K, used 51031K [0x0000000081c00000, 0x0000000100000000)
  region size 1024K, 19 young (19456K), 0 survivors (0K)
 Metaspace       used 84684K, committed 85696K, reserved 1130496K
  class space    used 11704K, committed 12160K, reserved 1048576K
}
Event: 519.962 GC heap after
{Heap after GC invocations=37 (full 3):
 garbage-first heap   total 122880K, used 35282K [0x0000000081c00000, 0x0000000100000000)
  region size 1024K, 3 young (3072K), 3 survivors (3072K)
 Metaspace       used 84684K, committed 85696K, reserved 1130496K
  class space    used 11704K, committed 12160K, reserved 1048576K
}
Event: 520.234 GC heap before
{Heap before GC invocations=37 (full 3):
 garbage-first heap   total 122880K, used 38354K [0x0000000081c00000, 0x0000000100000000)
  region size 1024K, 6 young (6144K), 3 survivors (3072K)
 Metaspace       used 84690K, committed 85696K, reserved 1130496K
  class space    used 11705K, committed 12160K, reserved 1048576K
}
Event: 520.263 GC heap after
{Heap after GC invocations=38 (full 3):
 garbage-first heap   total 122880K, used 35722K [0x0000000081c00000, 0x0000000100000000)
  region size 1024K, 1 young (1024K), 1 survivors (1024K)
 Metaspace       used 84690K, committed 85696K, reserved 1130496K
  class space    used 11705K, committed 12160K, reserved 1048576K
}
Event: 520.849 GC heap before
{Heap before GC invocations=38 (full 3):
 garbage-first heap   total 122880K, used 41866K [0x0000000081c00000, 0x0000000100000000)
  region size 1024K, 8 young (8192K), 1 survivors (1024K)
 Metaspace       used 84697K, committed 85696K, reserved 1130496K
  class space    used 11706K, committed 12160K, reserved 1048576K
}
Event: 520.863 GC heap after
{Heap after GC invocations=39 (full 3):
 garbage-first heap   total 122880K, used 36019K [0x0000000081c00000, 0x0000000100000000)
  region size 1024K, 1 young (1024K), 1 survivors (1024K)
 Metaspace       used 84697K, committed 85696K, reserved 1130496K
  class space    used 11706K, committed 12160K, reserved 1048576K
}
Event: 521.541 GC heap before
{Heap before GC invocations=39 (full 3):
 garbage-first heap   total 122880K, used 46259K [0x0000000081c00000, 0x0000000100000000)
  region size 1024K, 11 young (11264K), 1 survivors (1024K)
 Metaspace       used 84804K, committed 85696K, reserved 1130496K
  class space    used 11715K, committed 12160K, reserved 1048576K
}
Event: 521.546 GC heap after
{Heap after GC invocations=40 (full 3):
 garbage-first heap   total 122880K, used 37035K [0x0000000081c00000, 0x0000000100000000)
  region size 1024K, 2 young (2048K), 2 survivors (2048K)
 Metaspace       used 84804K, committed 85696K, reserved 1130496K
  class space    used 11715K, committed 12160K, reserved 1048576K
}
Event: 521.763 GC heap before
{Heap before GC invocations=40 (full 3):
 garbage-first heap   total 122880K, used 41131K [0x0000000081c00000, 0x0000000100000000)
  region size 1024K, 6 young (6144K), 2 survivors (2048K)
 Metaspace       used 84804K, committed 85696K, reserved 1130496K
  class space    used 11715K, committed 12160K, reserved 1048576K
}
Event: 521.787 GC heap after
{Heap after GC invocations=41 (full 3):
 garbage-first heap   total 122880K, used 37444K [0x0000000081c00000, 0x0000000100000000)
  region size 1024K, 1 young (1024K), 1 survivors (1024K)
 Metaspace       used 84804K, committed 85696K, reserved 1130496K
  class space    used 11715K, committed 12160K, reserved 1048576K
}
Event: 523.071 GC heap before
{Heap before GC invocations=41 (full 3):
 garbage-first heap   total 122880K, used 60996K [0x0000000081c00000, 0x0000000100000000)
  region size 1024K, 25 young (25600K), 1 survivors (1024K)
 Metaspace       used 84876K, committed 85696K, reserved 1130496K
  class space    used 11724K, committed 12160K, reserved 1048576K
}
Event: 523.137 GC heap after
{Heap after GC invocations=42 (full 3):
 garbage-first heap   total 365568K, used 39030K [0x0000000081c00000, 0x0000000100000000)
  region size 1024K, 2 young (2048K), 2 survivors (2048K)
 Metaspace       used 84876K, committed 85696K, reserved 1130496K
  class space    used 11724K, committed 12160K, reserved 1048576K
}
Event: 523.166 GC heap before
{Heap before GC invocations=42 (full 3):
 garbage-first heap   total 365568K, used 55414K [0x0000000081c00000, 0x0000000100000000)
  region size 1024K, 19 young (19456K), 2 survivors (2048K)
 Metaspace       used 84876K, committed 85696K, reserved 1130496K
  class space    used 11724K, committed 12160K, reserved 1048576K
}
Event: 523.197 GC heap after
{Heap after GC invocations=43 (full 3):
 garbage-first heap   total 365568K, used 39022K [0x0000000081c00000, 0x0000000100000000)
  region size 1024K, 1 young (1024K), 1 survivors (1024K)
 Metaspace       used 84876K, committed 85696K, reserved 1130496K
  class space    used 11724K, committed 12160K, reserved 1048576K
}
Event: 523.236 GC heap before
{Heap before GC invocations=43 (full 3):
 garbage-first heap   total 365568K, used 76910K [0x0000000081c00000, 0x0000000100000000)
  region size 1024K, 39 young (39936K), 1 survivors (1024K)
 Metaspace       used 84876K, committed 85696K, reserved 1130496K
  class space    used 11724K, committed 12160K, reserved 1048576K
}
Event: 523.269 GC heap after
{Heap after GC invocations=44 (full 3):
 garbage-first heap   total 365568K, used 39054K [0x0000000081c00000, 0x0000000100000000)
  region size 1024K, 1 young (1024K), 1 survivors (1024K)
 Metaspace       used 84876K, committed 85696K, reserved 1130496K
  class space    used 11724K, committed 12160K, reserved 1048576K
}
Event: 523.354 GC heap before
{Heap before GC invocations=44 (full 3):
 garbage-first heap   total 365568K, used 98446K [0x0000000081c00000, 0x0000000100000000)
  region size 1024K, 60 young (61440K), 1 survivors (1024K)
 Metaspace       used 84876K, committed 85696K, reserved 1130496K
  class space    used 11724K, committed 12160K, reserved 1048576K
}
Event: 523.371 GC heap after
{Heap after GC invocations=45 (full 3):
 garbage-first heap   total 365568K, used 39162K [0x0000000081c00000, 0x0000000100000000)
  region size 1024K, 1 young (1024K), 1 survivors (1024K)
 Metaspace       used 84876K, committed 85696K, reserved 1130496K
  class space    used 11724K, committed 12160K, reserved 1048576K
}
Event: 560.105 GC heap before
{Heap before GC invocations=45 (full 3):
 garbage-first heap   total 365568K, used 132346K [0x0000000081c00000, 0x0000000100000000)
  region size 1024K, 92 young (94208K), 1 survivors (1024K)
 Metaspace       used 85550K, committed 86272K, reserved 1130496K
  class space    used 11774K, committed 12160K, reserved 1048576K
}

Deoptimization events (20 events):
Event: 559.761 Thread 0x0000023e7e1e5450 DEOPT PACKING pc=0x0000023e6b8b647c sp=0x000000a5fb8fa530
Event: 559.761 Thread 0x0000023e7e1e5450 DEOPT UNPACKING pc=0x0000023e6adc2b43 sp=0x000000a5fb8f99d0 mode 1
Event: 559.761 Thread 0x0000023e7e1e5450 DEOPT PACKING pc=0x0000023e6c22fdfc sp=0x000000a5fb8fa580
Event: 559.761 Thread 0x0000023e7e1e5450 DEOPT UNPACKING pc=0x0000023e6adc2b43 sp=0x000000a5fb8f9a68 mode 1
Event: 559.997 Thread 0x0000023e7e1e5450 DEOPT PACKING pc=0x0000023e6b5ec30c sp=0x000000a5fb8fadb0
Event: 559.997 Thread 0x0000023e7e1e5450 DEOPT UNPACKING pc=0x0000023e6adc2b43 sp=0x000000a5fb8fa2d8 mode 1
Event: 559.997 Thread 0x0000023e7e1e5450 DEOPT PACKING pc=0x0000023e6b5eb154 sp=0x000000a5fb8fae90
Event: 559.997 Thread 0x0000023e7e1e5450 DEOPT UNPACKING pc=0x0000023e6adc2b43 sp=0x000000a5fb8fa440 mode 1
Event: 559.997 Thread 0x0000023e7e1e5450 DEOPT PACKING pc=0x0000023e6b5ed3bc sp=0x000000a5fb8fb000
Event: 559.997 Thread 0x0000023e7e1e5450 DEOPT UNPACKING pc=0x0000023e6adc2b43 sp=0x000000a5fb8fa5d0 mode 1
Event: 560.001 Thread 0x0000023e7e1e5450 DEOPT PACKING pc=0x0000023e6b257fdc sp=0x000000a5fb8fa5a0
Event: 560.003 Thread 0x0000023e7e1e5450 DEOPT UNPACKING pc=0x0000023e6adc2b43 sp=0x000000a5fb8f9a38 mode 1
Event: 560.003 Thread 0x0000023e7e1e5450 DEOPT PACKING pc=0x0000023e6b254efc sp=0x000000a5fb8fa670
Event: 560.003 Thread 0x0000023e7e1e5450 DEOPT UNPACKING pc=0x0000023e6adc2b43 sp=0x000000a5fb8f9b28 mode 1
Event: 560.003 Thread 0x0000023e7e1e5450 DEOPT PACKING pc=0x0000023e6b212454 sp=0x000000a5fb8fb050
Event: 560.003 Thread 0x0000023e7e1e5450 DEOPT UNPACKING pc=0x0000023e6adc2b43 sp=0x000000a5fb8fa540 mode 1
Event: 560.003 Thread 0x0000023e7e1e5450 DEOPT PACKING pc=0x0000023e6b254efc sp=0x000000a5fb8fb1c0
Event: 560.003 Thread 0x0000023e7e1e5450 DEOPT UNPACKING pc=0x0000023e6adc2b43 sp=0x000000a5fb8fa678 mode 1
Event: 560.004 Thread 0x0000023e7e1e5450 DEOPT PACKING pc=0x0000023e6b212454 sp=0x000000a5fb8fbba0
Event: 560.004 Thread 0x0000023e7e1e5450 DEOPT UNPACKING pc=0x0000023e6adc2b43 sp=0x000000a5fb8fb090 mode 1

Classes unloaded (20 events):
Event: 509.049 Thread 0x0000023e6ad523b0 Unloading class 0x0000000800d00000 'java/lang/invoke/LambdaForm$MH+0x0000000800d00000'
Event: 509.049 Thread 0x0000023e6ad523b0 Unloading class 0x0000000800cc4400 'jdk/internal/reflect/GeneratedSerializationConstructorAccessor3'
Event: 509.049 Thread 0x0000023e6ad523b0 Unloading class 0x0000000800cc4000 'jdk/internal/reflect/GeneratedSerializationConstructorAccessor2'
Event: 509.049 Thread 0x0000023e6ad523b0 Unloading class 0x0000000800cc3c00 'jdk/internal/reflect/GeneratedSerializationConstructorAccessor1'
Event: 509.049 Thread 0x0000023e6ad523b0 Unloading class 0x0000000800cc3400 'java/lang/invoke/LambdaForm$DMH+0x0000000800cc3400'
Event: 509.049 Thread 0x0000023e6ad523b0 Unloading class 0x0000000800cc2c00 'java/lang/invoke/LambdaForm$DMH+0x0000000800cc2c00'
Event: 509.050 Thread 0x0000023e6ad523b0 Unloading class 0x0000000800cc2000 'jdk/internal/reflect/GeneratedConstructorAccessor1'
Event: 509.051 Thread 0x0000023e6ad523b0 Unloading class 0x0000000800cc1800 'java/lang/invoke/LambdaForm$MH+0x0000000800cc1800'
Event: 509.051 Thread 0x0000023e6ad523b0 Unloading class 0x0000000800cc1400 'java/lang/invoke/LambdaForm$MH+0x0000000800cc1400'
Event: 509.051 Thread 0x0000023e6ad523b0 Unloading class 0x0000000800cc1000 'java/lang/invoke/LambdaForm$MH+0x0000000800cc1000'
Event: 509.051 Thread 0x0000023e6ad523b0 Unloading class 0x0000000800cc0c00 'java/lang/invoke/LambdaForm$MH+0x0000000800cc0c00'
Event: 509.051 Thread 0x0000023e6ad523b0 Unloading class 0x0000000800cc0800 'java/lang/invoke/LambdaForm$MH+0x0000000800cc0800'
Event: 509.051 Thread 0x0000023e6ad523b0 Unloading class 0x0000000800cc0400 'java/lang/invoke/LambdaForm$MH+0x0000000800cc0400'
Event: 509.051 Thread 0x0000023e6ad523b0 Unloading class 0x0000000800c05000 'java/lang/invoke/LambdaForm$MH+0x0000000800c05000'
Event: 509.052 Thread 0x0000023e6ad523b0 Unloading class 0x0000000800c04c00 'java/lang/invoke/LambdaForm$MH+0x0000000800c04c00'
Event: 509.052 Thread 0x0000023e6ad523b0 Unloading class 0x0000000800c04400 'java/lang/invoke/LambdaForm$MH+0x0000000800c04400'
Event: 509.052 Thread 0x0000023e6ad523b0 Unloading class 0x0000000800c03800 'java/lang/invoke/LambdaForm$MH+0x0000000800c03800'
Event: 509.052 Thread 0x0000023e6ad523b0 Unloading class 0x0000000800c03000 'java/lang/invoke/LambdaForm$MH+0x0000000800c03000'
Event: 509.052 Thread 0x0000023e6ad523b0 Unloading class 0x0000000800c02800 'java/lang/invoke/LambdaForm$MH+0x0000000800c02800'
Event: 509.052 Thread 0x0000023e6ad523b0 Unloading class 0x0000000800c02000 'java/lang/invoke/LambdaForm$MH+0x0000000800c02000'

Classes redefined (1 events):
Event: 1.744 Thread 0x0000023e6ad523b0 redefined class name=java.lang.Throwable, count=1

Internal exceptions (20 events):
Event: 523.448 Thread 0x0000023e7e1e5450 Exception <a 'sun/nio/fs/WindowsException'{0x0000000097745a10}> (0x0000000097745a10) 
thrown [t:\workspace\open\src\hotspot\share\prims\jni.cpp, line 516]
Event: 523.451 Thread 0x0000023e7e1e5450 Exception <a 'sun/nio/fs/WindowsException'{0x0000000097746108}> (0x0000000097746108) 
thrown [t:\workspace\open\src\hotspot\share\prims\jni.cpp, line 516]
Event: 523.504 Thread 0x0000023e7e1e5450 Exception <a 'java/io/FileNotFoundException'{0x0000000097794950}> (0x0000000097794950) 
thrown [t:\workspace\open\src\hotspot\share\prims\jni.cpp, line 516]
Event: 523.693 Thread 0x0000023e7e1e5450 Exception <a 'java/io/FileNotFoundException'{0x0000000096ddfa38}> (0x0000000096ddfa38) 
thrown [t:\workspace\open\src\hotspot\share\prims\jni.cpp, line 516]
Event: 523.845 Thread 0x0000023e7e1e5450 Exception <a 'sun/nio/fs/WindowsException'{0x00000000967d4468}> (0x00000000967d4468) 
thrown [t:\workspace\open\src\hotspot\share\prims\jni.cpp, line 516]
Event: 552.049 Thread 0x0000023e7e1e5450 Exception <a 'java/lang/reflect/InvocationTargetException'{0x0000000094164a80}> (0x0000000094164a80) 
thrown [t:\workspace\open\src\hotspot\share\runtime\reflection.cpp, line 1121]
Event: 552.885 Thread 0x0000023e7e1e5450 Exception <a 'java/lang/reflect/InvocationTargetException'{0x00000000941713d0}> (0x00000000941713d0) 
thrown [t:\workspace\open\src\hotspot\share\runtime\reflection.cpp, line 1121]
Event: 552.888 Thread 0x0000023e7e1e5450 Exception <a 'java/lang/reflect/InvocationTargetException'{0x000000009417dc90}> (0x000000009417dc90) 
thrown [t:\workspace\open\src\hotspot\share\runtime\reflection.cpp, line 1121]
Event: 552.892 Thread 0x0000023e7e1e5450 Exception <a 'java/lang/reflect/InvocationTargetException'{0x00000000940076e0}> (0x00000000940076e0) 
thrown [t:\workspace\open\src\hotspot\share\runtime\reflection.cpp, line 1121]
Event: 553.448 Thread 0x0000023e7e1e5450 Exception <a 'java/lang/reflect/InvocationTargetException'{0x0000000093ef9028}> (0x0000000093ef9028) 
thrown [t:\workspace\open\src\hotspot\share\runtime\reflection.cpp, line 1121]
Event: 553.477 Thread 0x0000023e7e1e5450 Exception <a 'java/lang/reflect/InvocationTargetException'{0x0000000093d09678}> (0x0000000093d09678) 
thrown [t:\workspace\open\src\hotspot\share\runtime\reflection.cpp, line 1121]
Event: 553.623 Thread 0x0000023e7e1e5450 Exception <a 'java/lang/reflect/InvocationTargetException'{0x0000000093d16fe8}> (0x0000000093d16fe8) 
thrown [t:\workspace\open\src\hotspot\share\runtime\reflection.cpp, line 1121]
Event: 553.631 Thread 0x0000023e7e1e5450 Exception <a 'java/lang/reflect/InvocationTargetException'{0x0000000093d21c30}> (0x0000000093d21c30) 
thrown [t:\workspace\open\src\hotspot\share\runtime\reflection.cpp, line 1121]
Event: 554.441 Thread 0x0000023e7e1e5450 Exception <a 'java/lang/reflect/InvocationTargetException'{0x0000000093a851b0}> (0x0000000093a851b0) 
thrown [t:\workspace\open\src\hotspot\share\runtime\reflection.cpp, line 1121]
Event: 559.017 Thread 0x0000023e7e1e5450 Exception <a 'java/lang/reflect/InvocationTargetException'{0x0000000092b5bd30}> (0x0000000092b5bd30) 
thrown [t:\workspace\open\src\hotspot\share\runtime\reflection.cpp, line 1121]
Event: 559.083 Thread 0x0000023e7e1e5450 Exception <a 'java/lang/reflect/InvocationTargetException'{0x0000000092b74de8}> (0x0000000092b74de8) 
thrown [t:\workspace\open\src\hotspot\share\runtime\reflection.cpp, line 1121]
Event: 559.087 Thread 0x0000023e7e1e5450 Exception <a 'java/lang/reflect/InvocationTargetException'{0x0000000092b80008}> (0x0000000092b80008) 
thrown [t:\workspace\open\src\hotspot\share\runtime\reflection.cpp, line 1121]
Event: 559.742 Thread 0x0000023e7e1e5450 Exception <a 'java/lang/reflect/InvocationTargetException'{0x00000000927a36c8}> (0x00000000927a36c8) 
thrown [t:\workspace\open\src\hotspot\share\runtime\reflection.cpp, line 1121]
Event: 559.754 Thread 0x0000023e7e1e5450 Exception <a 'java/lang/reflect/InvocationTargetException'{0x00000000927b11b0}> (0x00000000927b11b0) 
thrown [t:\workspace\open\src\hotspot\share\runtime\reflection.cpp, line 1121]
Event: 559.760 Thread 0x0000023e7e1e5450 Exception <a 'java/lang/reflect/InvocationTargetException'{0x00000000927bae78}> (0x00000000927bae78) 
thrown [t:\workspace\open\src\hotspot\share\runtime\reflection.cpp, line 1121]

VM Operations (20 events):
Event: 547.577 Executing VM operation: Cleanup done
Event: 548.585 Executing VM operation: Cleanup
Event: 548.585 Executing VM operation: Cleanup done
Event: 549.588 Executing VM operation: Cleanup
Event: 549.603 Executing VM operation: Cleanup done
Event: 550.618 Executing VM operation: Cleanup
Event: 550.649 Executing VM operation: Cleanup done
Event: 552.656 Executing VM operation: Cleanup
Event: 552.884 Executing VM operation: Cleanup done
Event: 553.974 Executing VM operation: Cleanup
Event: 554.045 Executing VM operation: Cleanup done
Event: 555.394 Executing VM operation: Cleanup
Event: 555.572 Executing VM operation: Cleanup done
Event: 556.576 Executing VM operation: Cleanup
Event: 556.625 Executing VM operation: Cleanup done
Event: 557.628 Executing VM operation: Cleanup
Event: 557.629 Executing VM operation: Cleanup done
Event: 558.642 Executing VM operation: Cleanup
Event: 558.756 Executing VM operation: Cleanup done
Event: 560.084 Executing VM operation: G1CollectForAllocation

Events (20 events):
Event: 555.329 loading class javax/inject/Inject
Event: 555.329 loading class javax/inject/Inject done
Event: 555.330 loading class javax/annotation/PostConstruct
Event: 555.330 loading class javax/annotation/PostConstruct done
Event: 555.331 loading class javax/annotation/PreDestroy
Event: 555.331 loading class javax/annotation/PreDestroy done
Event: 555.720 loading class org/crac/Core
Event: 555.720 loading class org/crac/Core done
Event: 556.269 loading class java/time/DurationEditor
Event: 556.273 loading class java/time/DurationEditor done
Event: 557.776 loading class app/service/PropertyUtilityService$$SpringCGLIB$$0
Event: 557.776 loading class app/service/PropertyUtilityService$$SpringCGLIB$$0 done
Event: 558.041 loading class app/service/AgentService$$SpringCGLIB$$0
Event: 558.041 loading class app/service/AgentService$$SpringCGLIB$$0 done
Event: 558.474 loading class app/service/UserService$$SpringCGLIB$$0
Event: 558.474 loading class app/service/UserService$$SpringCGLIB$$0 done
Event: 559.295 loading class app/service/InquiryService$$SpringCGLIB$$0
Event: 559.295 loading class app/service/InquiryService$$SpringCGLIB$$0 done
Event: 559.997 loading class app/service/CityService$$SpringCGLIB$$0
Event: 559.997 loading class app/service/CityService$$SpringCGLIB$$0 done


Dynamic libraries:
0x00007ff71db40000 - 0x00007ff71db50000 	C:\Program Files\Java\jdk-17.0.1\bin\java.exe
0x00007ffacdad0000 - 0x00007ffacdce7000 	C:\WINDOWS\SYSTEM32\ntdll.dll
0x00007ffacca60000 - 0x00007ffaccb24000 	C:\WINDOWS\System32\KERNEL32.DLL
0x00007ffacabc0000 - 0x00007ffacaf93000 	C:\WINDOWS\System32\KERNELBASE.dll
0x00007ffacb640000 - 0x00007ffacb751000 	C:\WINDOWS\System32\ucrtbase.dll
0x00007ffac4e00000 - 0x00007ffac4e18000 	C:\Program Files\Java\jdk-17.0.1\bin\jli.dll
0x00007ffac4de0000 - 0x00007ffac4dfa000 	C:\Program Files\Java\jdk-17.0.1\bin\VCRUNTIME140.dll
0x00007ffacc460000 - 0x00007ffacc511000 	C:\WINDOWS\System32\ADVAPI32.dll
0x00007ffacc3b0000 - 0x00007ffacc457000 	C:\WINDOWS\System32\msvcrt.dll
0x00007ffacb830000 - 0x00007ffacb8d7000 	C:\WINDOWS\System32\sechost.dll
0x00007ffacb1f0000 - 0x00007ffacb218000 	C:\WINDOWS\System32\bcrypt.dll
0x00007ffacd900000 - 0x00007ffacda14000 	C:\WINDOWS\System32\RPCRT4.dll
0x00007ffacc7e0000 - 0x00007ffacc991000 	C:\WINDOWS\System32\USER32.dll
0x00007ffab5b10000 - 0x00007ffab5dab000 	C:\WINDOWS\WinSxS\amd64_microsoft.windows.common-controls_6595b64144ccf1df_6.0.22621.5262_none_2712bde373830908\COMCTL32.dll
0x00007ffacc9a0000 - 0x00007ffacc9c9000 	C:\WINDOWS\System32\GDI32.dll
0x00007ffacb2e0000 - 0x00007ffacb306000 	C:\WINDOWS\System32\win32u.dll
0x00007ffacb0c0000 - 0x00007ffacb1e2000 	C:\WINDOWS\System32\gdi32full.dll
0x00007ffacafa0000 - 0x00007ffacb03a000 	C:\WINDOWS\System32\msvcp_win.dll
0x00007ffac5230000 - 0x00007ffac523a000 	C:\WINDOWS\SYSTEM32\VERSION.dll
0x00007ffacb770000 - 0x00007ffacb7a1000 	C:\WINDOWS\System32\IMM32.DLL
0x00007ffac7dd0000 - 0x00007ffac7ddc000 	C:\Program Files\Java\jdk-17.0.1\bin\vcruntime140_1.dll
0x00007ffa8db60000 - 0x00007ffa8dbed000 	C:\Program Files\Java\jdk-17.0.1\bin\msvcp140.dll
0x00007ffa71500000 - 0x00007ffa720be000 	C:\Program Files\Java\jdk-17.0.1\bin\server\jvm.dll
0x00007ffacc1f0000 - 0x00007ffacc1f8000 	C:\WINDOWS\System32\PSAPI.DLL
0x00007ffab7880000 - 0x00007ffab78b4000 	C:\WINDOWS\SYSTEM32\WINMM.dll
0x00007ffab6830000 - 0x00007ffab6839000 	C:\WINDOWS\SYSTEM32\WSOCK32.dll
0x00007ffacc520000 - 0x00007ffacc591000 	C:\WINDOWS\System32\WS2_32.dll
0x00007ffac9cb0000 - 0x00007ffac9cc8000 	C:\WINDOWS\SYSTEM32\kernel.appcore.dll
0x00007ffac7da0000 - 0x00007ffac7daa000 	C:\Program Files\Java\jdk-17.0.1\bin\jimage.dll
0x00007ffab95b0000 - 0x00007ffab97e2000 	C:\WINDOWS\SYSTEM32\DBGHELP.DLL
0x00007ffaccee0000 - 0x00007ffacd273000 	C:\WINDOWS\System32\combase.dll
0x00007ffacd820000 - 0x00007ffacd8f7000 	C:\WINDOWS\System32\OLEAUT32.dll
0x00007ffab3e60000 - 0x00007ffab3e92000 	C:\WINDOWS\SYSTEM32\dbgcore.DLL
0x00007ffacb480000 - 0x00007ffacb4fb000 	C:\WINDOWS\System32\bcryptPrimitives.dll
0x00007ffa9f1e0000 - 0x00007ffa9f21b000 	C:\Program Files\Java\jdk-17.0.1\bin\jdwp.dll
0x00007ffab9010000 - 0x00007ffab901e000 	C:\Program Files\Java\jdk-17.0.1\bin\instrument.dll
0x00007ffac3230000 - 0x00007ffac3255000 	C:\Program Files\Java\jdk-17.0.1\bin\java.dll
0x00007ffa7cd60000 - 0x00007ffa7cf58000 	C:\Users\dimo\AppData\Local\Temp\idea_libasyncProfiler_dll_temp_folder11627\libasyncProfiler.dll
0x00007ffab8fe0000 - 0x00007ffab8ff8000 	C:\Program Files\Java\jdk-17.0.1\bin\zip.dll
0x00007ffa7d520000 - 0x00007ffa7d5f6000 	C:\Program Files\Java\jdk-17.0.1\bin\svml.dll
0x00007ffacb8e0000 - 0x00007ffacc17d000 	C:\WINDOWS\System32\SHELL32.dll
0x00007ffacb500000 - 0x00007ffacb63f000 	C:\WINDOWS\System32\wintypes.dll
0x00007ffac8ac0000 - 0x00007ffac93dd000 	C:\WINDOWS\SYSTEM32\windows.storage.dll
0x00007ffacd280000 - 0x00007ffacd38b000 	C:\WINDOWS\System32\SHCORE.dll
0x00007ffacc180000 - 0x00007ffacc1e6000 	C:\WINDOWS\System32\shlwapi.dll
0x00007ffacaaf0000 - 0x00007ffacab1b000 	C:\WINDOWS\SYSTEM32\profapi.dll
0x00007ffab8f20000 - 0x00007ffab8f2c000 	C:\Program Files\Java\jdk-17.0.1\bin\dt_socket.dll
0x00007ffac96b0000 - 0x00007ffac96dd000 	C:\WINDOWS\SYSTEM32\IPHLPAPI.DLL
0x00007ffaca130000 - 0x00007ffaca19a000 	C:\WINDOWS\system32\mswsock.dll
0x00007ffac3190000 - 0x00007ffac31a9000 	C:\Program Files\Java\jdk-17.0.1\bin\net.dll
0x00007ffac4310000 - 0x00007ffac443c000 	C:\WINDOWS\SYSTEM32\WINHTTP.dll
0x00007ffab9020000 - 0x00007ffab9035000 	C:\Program Files\Java\jdk-17.0.1\bin\nio.dll
0x00007ffac9720000 - 0x00007ffac9818000 	C:\WINDOWS\SYSTEM32\DNSAPI.dll
0x00007ffacb760000 - 0x00007ffacb769000 	C:\WINDOWS\System32\NSI.dll
0x00007ffabc580000 - 0x00007ffabc58a000 	C:\Windows\System32\rasadhlp.dll
0x00007ffabb0f0000 - 0x00007ffabb173000 	C:\WINDOWS\System32\fwpuclnt.dll
0x00007ffac6010000 - 0x00007ffac6019000 	C:\Program Files\Java\jdk-17.0.1\bin\management.dll
0x00007ffac5fd0000 - 0x00007ffac5fdb000 	C:\Program Files\Java\jdk-17.0.1\bin\management_ext.dll
0x00007ffaca3d0000 - 0x00007ffaca3eb000 	C:\WINDOWS\SYSTEM32\CRYPTSP.dll
0x00007ffac9c10000 - 0x00007ffac9c47000 	C:\WINDOWS\system32\rsaenh.dll
0x00007ffaca240000 - 0x00007ffaca268000 	C:\WINDOWS\SYSTEM32\USERENV.dll
0x00007ffaca3c0000 - 0x00007ffaca3cc000 	C:\WINDOWS\SYSTEM32\CRYPTBASE.dll
0x00007ffabfa70000 - 0x00007ffabfa89000 	C:\WINDOWS\SYSTEM32\dhcpcsvc6.DLL
0x00007ffabf9f0000 - 0x00007ffabfa0f000 	C:\WINDOWS\SYSTEM32\dhcpcsvc.DLL
0x00007ffaab250000 - 0x00007ffaab267000 	C:\WINDOWS\system32\napinsp.dll
0x00007ffaa99d0000 - 0x00007ffaa99eb000 	C:\WINDOWS\system32\pnrpnsp.dll
0x00007ffaa99b0000 - 0x00007ffaa99c1000 	C:\WINDOWS\System32\winrnr.dll
0x00007ffabfeb0000 - 0x00007ffabfecf000 	C:\WINDOWS\system32\wshbth.dll
0x00007ffaa8fe0000 - 0x00007ffaa9001000 	C:\WINDOWS\system32\nlansp_c.dll
0x00007ffac6030000 - 0x00007ffac603e000 	C:\Program Files\Java\jdk-17.0.1\bin\sunmscapi.dll
0x00007ffacb310000 - 0x00007ffacb477000 	C:\WINDOWS\System32\CRYPT32.dll
0x00007ffaca560000 - 0x00007ffaca58d000 	C:\WINDOWS\SYSTEM32\ncrypt.dll
0x00007ffaca520000 - 0x00007ffaca557000 	C:\WINDOWS\SYSTEM32\NTASN1.dll
0x00007ffac3180000 - 0x00007ffac3190000 	C:\Program Files\Java\jdk-17.0.1\bin\verify.dll
0x00007ffa643b0000 - 0x00007ffa643b8000 	C:\WINDOWS\system32\wshunix.dll

dbghelp: loaded successfully - version: 4.0.5 - missing functions: none
symbol engine: initialized successfully - sym options: 0x614 - pdb path: .;C:\Program Files\Java\jdk-17.0.1\bin;C:\WINDOWS\SYSTEM32;C:\WINDOWS\WinSxS\amd64_microsoft.windows.common-controls_6595b64144ccf1df_6.0.22621.5262_none_2712bde373830908;C:\Program Files\Java\jdk-17.0.1\bin\server;C:\Users\dimo\AppData\Local\Temp\idea_libasyncProfiler_dll_temp_folder11627

VM Arguments:
jvm_args: -agentlib:jdwp=transport=dt_socket,address=127.0.0.1:62552,suspend=y,server=n -javaagent:C:\Users\dimo\AppData\Local\JetBrains\IntelliJIdea2025.1\captureAgent\debugger-agent.jar=file:///C:/Users/dimo/AppData/Local/Temp/capture17163238935504848446.props -agentpath:C:\Users\dimo\AppData\Local\Temp\idea_libasyncProfiler_dll_temp_folder11627\libasyncProfiler.dll=version,jfr,event=wall,interval=10ms,cstack=no,file=C:\Users\dimo\IdeaSnapshots\RealEstateListingAppDemoApplication__1__2025_11_20_045549.jfr,dbghelppath=C:\Users\dimo\AppData\Local\Temp\idea_dbghelp_dll_temp_folder1\dbghelp.dll,log=C:\Users\dimo\AppData\Local\Temp\RealEstateListingAppDemoApplication__1__2025_11_20_045549.jfr.log.txt,logLevel=DEBUG -XX:TieredStopAtLevel=1 -Dspring.output.ansi.enabled=always -Dcom.sun.management.jmxremote -Dspring.jmx.enabled=true -Dspring.liveBeansView.mbeanDomain -Dspring.application.admin.enabled=true -Dmanagement.endpoints.jmx.exposure.include=* -Dkotlinx.coroutines.debug.enable.creation.stack.trace=false -Ddebugger.agent.enable.coroutines=true -Dkotlinx.coroutines.debug.enable.flows.stack.trace=true -Dkotlinx.coroutines.debug.enable.mutable.state.flows.stack.trace=true -Dfile.encoding=UTF-8 
java_command: app.RealEstateListingAppDemoApplication
java_class_path (initial): C:\Users\dimo\IdeaProjects\RealEstateListingAppDemo\target\classes;C:\Users\dimo\.m2\repository\org\springframework\boot\spring-boot-starter-data-jpa\3.4.0\spring-boot-starter-data-jpa-3.4.0.jar;C:\Users\dimo\.m2\repository\org\springframework\boot\spring-boot-starter\3.4.0\spring-boot-starter-3.4.0.jar;C:\Users\dimo\.m2\repository\org\springframework\boot\spring-boot-starter-logging\3.4.0\spring-boot-starter-logging-3.4.0.jar;C:\Users\dimo\.m2\repository\ch\qos\logback\logback-classic\1.5.12\logback-classic-1.5.12.jar;C:\Users\dimo\.m2\repository\ch\qos\logback\logback-core\1.5.12\logback-core-1.5.12.jar;C:\Users\dimo\.m2\repository\org\apache\logging\log4j\log4j-to-slf4j\2.24.1\log4j-to-slf4j-2.24.1.jar;C:\Users\dimo\.m2\repository\org\apache\logging\log4j\log4j-api\2.24.1\log4j-api-2.24.1.jar;C:\Users\dimo\.m2\repository\org\slf4j\jul-to-slf4j\2.0.16\jul-to-slf4j-2.0.16.jar;C:\Users\dimo\.m2\repository\jakarta\annotation\jakarta.annotation-api\2.1.1\jakarta.annotation-api-2.1.1.jar;C:\Users\dimo\.m2\repository\org\yaml\snakeyaml\2.3\snakeyaml-2.3.jar;C:\Users\dimo\.m2\repository\org\springframework\boot\spring-boot-starter-jdbc\3.4.0\spring-boot-starter-jdbc-3.4.0.jar;C:\Users\dimo\.m2\repository\com\zaxxer\HikariCP\5.1.0\HikariCP-5.1.0.jar;C:\Users\dimo\.m2\repository\org\springframework\spring-jdbc\6.2.0\spring-jdbc-6.2.0.jar;C:\Users\dimo\.m2\repository\org\hibernate\orm\hibernate-core\6.6.2.Final\hibernate-core-6.6.2.Final.jar;C:\Users\dimo\.m2\repository\jakarta\persistence\jakarta.persistence-api\3.1.0\jakarta.persistence-api-3.1.0.jar;C:\Users\dimo\.m2\repository\jakarta\transaction\jakarta.transaction-api\2.0.1\jakarta.transaction-api-2.0.1.jar;C:\Users\dimo\.m2\repository\org\jboss\logging\jboss-logging\3.6.1.Final\jboss-logging-3.6.1.Final.jar;C:\Users\dimo\.m2\repository\org\hibernate\common\hibernate-commons-annotations\7.0.3.Final\hibernate-commons-annotations-7.0.3.Final.jar;C:\Users\dimo\.m2\repository\io\smallrye\jande
Launcher Type: SUN_STANDARD

[Global flags]
     intx CICompilerCount                          = 4                                         {product} {ergonomic}
     uint ConcGCThreads                            = 2                                         {product} {ergonomic}
     uint G1ConcRefinementThreads                  = 8                                         {product} {ergonomic}
   size_t G1HeapRegionSize                         = 1048576                                   {product} {ergonomic}
    uintx GCDrainStackTargetSize                   = 64                                        {product} {ergonomic}
   size_t InitialHeapSize                          = 134217728                                 {product} {ergonomic}
     bool ManagementServer                         = true                                      {product} {command line}
   size_t MarkStackSize                            = 4194304                                   {product} {ergonomic}
   size_t MaxHeapSize                              = 2118123520                                {product} {ergonomic}
   size_t MaxNewSize                               = 1270874112                                {product} {ergonomic}
   size_t MinHeapDeltaBytes                        = 1048576                                   {product} {ergonomic}
   size_t MinHeapSize                              = 8388608                                   {product} {ergonomic}
    uintx NonProfiledCodeHeapSize                  = 0                                      {pd product} {ergonomic}
     bool ProfileInterpreter                       = false                                  {pd product} {command line}
    uintx ProfiledCodeHeapSize                     = 0                                      {pd product} {ergonomic}
   size_t SoftMaxHeapSize                          = 2118123520                             {manageable} {ergonomic}
     intx TieredStopAtLevel                        = 1                                         {product} {command line}
     bool UseCompressedClassPointers               = true                           {product lp64_product} {ergonomic}
     bool UseCompressedOops                        = true                           {product lp64_product} {ergonomic}
     bool UseG1GC                                  = true                                      {product} {ergonomic}
     bool UseLargePagesIndividualAllocation        = false                                  {pd product} {ergonomic}

Logging:
Log output configuration:
 #0: stdout all=warning uptime,level,tags
 #1: stderr all=off uptime,level,tags

Environment Variables:
PATH=C:\Python312\Scripts\;C:\Python312\;C:\Program Files (x86)\Microsoft SDKs\Azure\CLI2\wbin;C:\Python311\Scripts\;C:\Python311\;C:\Python310\Scripts\;C:\Python310\;C:\Program Files\Common Files\Oracle\Java\javapath;C:\ProgramData\Oracle\Java\javapath;C:\Program Files (x86)\Intel\iCLS Client\;C:\Program Files\Intel\iCLS Client\;C:\WINDOWS\system32;C:\WINDOWS;C:\WINDOWS\System32\Wbem;C:\WINDOWS\System32\WindowsPowerShell\v1.0\;C:\Program Files (x86)\Intel\Intel(R) Management Engine Components\DAL;C:\Program Files\Intel\Intel(R) Management Engine Components\DAL;C:\Program Files (x86)\Intel\Intel(R) Management Engine Components\IPT;C:\Program Files\Intel\Intel(R) Management Engine Components\IPT;C:\Program Files\Microsoft SQL Server\130\Tools\Binn\;C:\Users\graks\AppData\Local\Android\Sdk\tools\lib\x86_64;C:\Program Files\PuTTY\;C:\WINDOWS\System32\OpenSSH\;C:\sqlite;C:\Program Files\Intel\WiFi\bin\;C:\Program Files\Common Files\Intel\WirelessCommon\;'C:\Program Files (x86)\Graphviz2.38\bin;C:\Spark\spark-2.4.4-bin-hadoop2.7\bin;C:\Program Files\Microsoft SQL Server\Client SDK\ODBC\130\Tools\Binn\;C:\Program Files (x86)\Microsoft SQL Server\140\Tools\Binn\;C:\Program Files\Microsoft SQL Server\140\Tools\Binn\;C:\Program Files\Microsoft SQL Server\140\DTS\Binn\;C:\Program Files (x86)\Microsoft SQL Server\150\DTS\Binn\;C:\Program Files\Git\cmd;C:\ProgramData\chocolatey\bin;C:\Program Files\MongoDB\Server\6.0\bin;C:\Program Files\MongoDB\Server\6.0\bin;C:\mongoShell\mongosh-1.8.0-win32-x64\bin;C:\Program Files\Microsoft SQL Server\150\Tools\Binn\;C:\Program Files\Microsoft SQL Server\Client SDK\ODBC\170\Tools\Binn\;C:\Program Files\Docker\Docker\resources\bin;C:\Program Files\nodejs\;C:\Program Files (x86)\apache-maven-3.9.9-bin\apache-maven-3.9.9\bin;C:\Users\dimo\AppData\Local\Programs\Microsoft VS Code\bin;C:\Program Files\PowerShell\7\;c:\Users\dimo\AppData\Local\Programs\cursor\resources\app\codeBin;C:\Users\dimo\AppData\Roaming\npm;C:\Users\dimo\AppData\Local\Program
USERNAME=dimo
OS=Windows_NT
PROCESSOR_IDENTIFIER=Intel64 Family 6 Model 142 Stepping 10, GenuineIntel



---------------  S Y S T E M  ---------------

OS:
 Windows 10 , 64 bit Build 22621 (10.0.22621.5262)
OS uptime: 22 days 11:39 hours
Hyper-V role detected

CPU: total 8 (initial active 8) (4 cores per cpu, 2 threads per core) family 6 model 142 stepping 10 microcode 0xe0, cx8, cmov, fxsr, ht, mmx, 3dnowpref, sse, sse2, sse3, ssse3, sse4.1, sse4.2, popcnt, lzcnt, tsc, tscinvbit, avx, avx2, aes, erms, clmul, bmi1, bmi2, adx, fma, vzeroupper, clflush, clflushopt, hv

Memory: 4k page, system-wide physical 8078M (49M free)
TotalPageFile size 23721M (AvailPageFile size 432M)
current process WorkingSet (physical memory assigned to process): 144M, peak: 384M
current process commit charge ("private bytes"): 682M, peak: 1347M

vm_info: Java HotSpot(TM) 64-Bit Server VM (17.0.1+12-LTS-39) for windows-amd64 JRE (17.0.1+12-LTS-39), built on Sep 27 2021 18:41:35 by "mach5one" with MS VC++ 16.8 (VS2019)

END.
